Wed Jan 21 22:39:33 2026       
+-----------------------------------------------------------------------------------------+
| NVIDIA-SMI 570.195.03             Driver Version: 570.195.03     CUDA Version: 12.8     |
|-----------------------------------------+------------------------+----------------------+
| GPU  Name                 Persistence-M | Bus-Id          Disp.A | Volatile Uncorr. ECC |
| Fan  Temp   Perf          Pwr:Usage/Cap |           Memory-Usage | GPU-Util  Compute M. |
|                                         |                        |               MIG M. |
|=========================================+========================+======================|
|   0  NVIDIA GeForce GTX 1080 Ti     Off |   00000000:8A:00.0 Off |                  N/A |
| 37%   57C    P0             60W /  250W |       3MiB /  11264MiB |      0%      Default |
|                                         |                        |                  N/A |
+-----------------------------------------+------------------------+----------------------+
                                                                                         
+-----------------------------------------------------------------------------------------+
| Processes:                                                                              |
|  GPU   GI   CI              PID   Type   Process name                        GPU Memory |
|        ID   ID                                                               Usage      |
|=========================================================================================|
|  No running processes found                                                             |
+-----------------------------------------------------------------------------------------+

Node: gpu03
Job internal GPU id(s): 0
Job external GPU id(s): 6

==========================================
ACDNet Training on UrbanSound8K (NPZ)
==========================================
Data Directory: ../UrbanSound8K
NPZ File: ./data/urbansound8k_20k.npz
Output Directory: ./trained_models
Results Directory: ./results
Device: cuda
Batch Size: 64
Epochs: 500
Learning Rate: 0.1
Random Seed: 42
==========================================

✓ NPZ file found: ./data/urbansound8k_20k.npz
  Skipping preprocessing (already done)

✓ Multi-crop validation data found:
  - ./val_data/fold9_val10crop.npz
  - ./val_data/fold10_val10crop.npz
  Skipping multi-crop preparation (already done)

==========================================
Starting training...
==========================================

Random seed set to: 42
creating trainer
Using device: cuda

Loading preprocessed dataset from NPZ: ./data/urbansound8k_20k.npz

Initializing BC Learning generator...
Loading preprocessed dataset from: ./data/urbansound8k_20k.npz
BC Learning Generator initialized:
  - Loaded folds: [1, 2, 3, 4, 5, 6, 7, 8]
  - Total samples: 7079
  - Batch size: 64
  - Batches per epoch: 110

Dataset loaded:
  - Training folds: [1, 2, 3, 4, 5, 6, 7, 8] (7040 samples)
  - Validation fold: 9
  - Test fold: 10

Initializing ACDNet model...
Model Parameters: 4,712,378
Model Size: 17.98 MB

======================================================================
Starting ACDNet Training on UrbanSound8K
======================================================================
+------------------------------------------------------------+
| ACDNet UrbanSound8K Configuration
+------------------------------------------------------------+
| Dataset        : urbansound8k
| Data Directory : None
| Num Classes    : 10
| Sample Rate    : 20000 Hz
| Input Length   : 30225 samples (1.5s)
| Batch Size     : 64
| Epochs         : 500
| Learning Rate  : 0.1
| LR Schedule    : [0.3, 0.6, 0.9]
| Weight Decay   : 0.0005
| Momentum       : 0.9
| Train Folds    : [1, 2, 3, 4, 5, 6, 7, 8]
| Val Fold       : 9
| Test Fold      : 10
| BC Learning    : True
| Strong Augment : True
| Device         : cuda
+------------------------------------------------------------+
======================================================================


Loading multi-crop validation data from: ./val_data/fold9_val10crop.npz
  Loaded 8160 crops (816 samples × 10 crops)
  val_x shape: torch.Size([8160, 1, 1, 30225])
  val_y shape: torch.Size([8160, 10])
  ✓ Saved best model (val_acc: 17.65%)
Epoch:   1/500 | Time: 2m25s (Train 2m13s | Val 0m11s) | LR: 0.010000 | Train Loss: 1.6521 Acc: 24.50% | Val Loss: 2.2489 Acc: 17.65% | Best: 17.65%@1
Epoch:   2/500 | Time: 2m21s (Train 2m18s | Val 0m02s) | LR: 0.010000 | Train Loss: 1.5110 Acc: 34.57% | Val Loss: 2.7021 Acc: 12.25% | Best: 17.65%@1
Epoch:   3/500 | Time: 2m16s (Train 2m14s | Val 0m02s) | LR: 0.010000 | Train Loss: 1.4228 Acc: 38.61% | Val Loss: 2.4445 Acc: 14.34% | Best: 17.65%@1
Epoch:   4/500 | Time: 2m15s (Train 2m12s | Val 0m02s) | LR: 0.010000 | Train Loss: 1.3622 Acc: 41.24% | Val Loss: 2.7175 Acc: 11.15% | Best: 17.65%@1
Epoch:   5/500 | Time: 2m15s (Train 2m12s | Val 0m02s) | LR: 0.010000 | Train Loss: 1.3161 Acc: 43.68% | Val Loss: 2.4814 Acc: 15.56% | Best: 17.65%@1
Epoch:   6/500 | Time: 2m15s (Train 2m12s | Val 0m02s) | LR: 0.010000 | Train Loss: 1.2924 Acc: 44.72% | Val Loss: 2.7681 Acc: 11.52% | Best: 17.65%@1
Epoch:   7/500 | Time: 2m15s (Train 2m13s | Val 0m02s) | LR: 0.010000 | Train Loss: 1.2657 Acc: 46.59% | Val Loss: 2.5023 Acc: 10.91% | Best: 17.65%@1
Epoch:   8/500 | Time: 2m15s (Train 2m12s | Val 0m02s) | LR: 0.010000 | Train Loss: 1.2366 Acc: 48.81% | Val Loss: 2.7671 Acc: 16.67% | Best: 17.65%@1
Epoch:   9/500 | Time: 2m15s (Train 2m13s | Val 0m02s) | LR: 0.010000 | Train Loss: 1.2095 Acc: 49.12% | Val Loss: 2.3393 Acc: 14.46% | Best: 17.65%@1
Epoch:  10/500 | Time: 2m16s (Train 2m13s | Val 0m02s) | LR: 0.010000 | Train Loss: 1.1716 Acc: 52.24% | Val Loss: 2.4590 Acc: 15.93% | Best: 17.65%@1
Epoch:  11/500 | Time: 2m15s (Train 2m12s | Val 0m02s) | LR: 0.100000 | Train Loss: 1.4227 Acc: 37.84% | Val Loss: 9.5268 Acc: 10.05% | Best: 17.65%@1
Epoch:  12/500 | Time: 2m15s (Train 2m12s | Val 0m02s) | LR: 0.100000 | Train Loss: 1.3093 Acc: 44.09% | Val Loss: 2.9868 Acc: 10.05% | Best: 17.65%@1
Epoch:  13/500 | Time: 2m15s (Train 2m12s | Val 0m02s) | LR: 0.100000 | Train Loss: 1.2613 Acc: 46.55% | Val Loss: 2.9696 Acc: 11.15% | Best: 17.65%@1
Epoch:  14/500 | Time: 2m15s (Train 2m12s | Val 0m02s) | LR: 0.100000 | Train Loss: 1.2127 Acc: 50.09% | Val Loss: 3.2985 Acc: 12.25% | Best: 17.65%@1
Epoch:  15/500 | Time: 2m14s (Train 2m11s | Val 0m02s) | LR: 0.100000 | Train Loss: 1.1840 Acc: 51.09% | Val Loss: 2.4604 Acc: 10.05% | Best: 17.65%@1
Epoch:  16/500 | Time: 2m15s (Train 2m12s | Val 0m02s) | LR: 0.100000 | Train Loss: 1.1475 Acc: 53.24% | Val Loss: 7.8978 Acc: 12.25% | Best: 17.65%@1
Epoch:  17/500 | Time: 2m15s (Train 2m13s | Val 0m02s) | LR: 0.100000 | Train Loss: 1.1537 Acc: 52.83% | Val Loss: 2.7719 Acc: 10.05% | Best: 17.65%@1
Epoch:  18/500 | Time: 2m14s (Train 2m11s | Val 0m02s) | LR: 0.100000 | Train Loss: 1.1209 Acc: 55.09% | Val Loss: 2.8982 Acc:  3.80% | Best: 17.65%@1
Epoch:  19/500 | Time: 2m14s (Train 2m11s | Val 0m02s) | LR: 0.100000 | Train Loss: 1.1057 Acc: 55.77% | Val Loss: 2.4583 Acc:  7.97% | Best: 17.65%@1
Epoch:  20/500 | Time: 2m12s (Train 2m10s | Val 0m02s) | LR: 0.100000 | Train Loss: 1.0967 Acc: 56.72% | Val Loss: 2.4503 Acc:  5.88% | Best: 17.65%@1
Epoch:  21/500 | Time: 2m11s (Train 2m09s | Val 0m02s) | LR: 0.100000 | Train Loss: 1.0743 Acc: 56.78% | Val Loss: 6.1783 Acc: 12.25% | Best: 17.65%@1
Epoch:  22/500 | Time: 2m10s (Train 2m07s | Val 0m02s) | LR: 0.100000 | Train Loss: 1.0697 Acc: 57.30% | Val Loss: 3.3287 Acc: 12.25% | Best: 17.65%@1
Epoch:  23/500 | Time: 2m11s (Train 2m09s | Val 0m02s) | LR: 0.100000 | Train Loss: 1.0764 Acc: 56.43% | Val Loss: 3.3202 Acc: 10.05% | Best: 17.65%@1
Epoch:  24/500 | Time: 2m11s (Train 2m08s | Val 0m02s) | LR: 0.100000 | Train Loss: 1.0440 Acc: 59.59% | Val Loss: 2.7960 Acc: 12.38% | Best: 17.65%@1
Epoch:  25/500 | Time: 2m09s (Train 2m07s | Val 0m02s) | LR: 0.100000 | Train Loss: 1.0476 Acc: 58.32% | Val Loss: 2.5934 Acc: 10.05% | Best: 17.65%@1
Epoch:  26/500 | Time: 2m10s (Train 2m08s | Val 0m02s) | LR: 0.100000 | Train Loss: 1.0365 Acc: 58.86% | Val Loss: 3.9640 Acc:  3.92% | Best: 17.65%@1
Epoch:  27/500 | Time: 2m10s (Train 2m07s | Val 0m02s) | LR: 0.100000 | Train Loss: 1.0304 Acc: 59.32% | Val Loss: 3.1887 Acc: 10.05% | Best: 17.65%@1
Epoch:  28/500 | Time: 2m10s (Train 2m07s | Val 0m02s) | LR: 0.100000 | Train Loss: 1.0096 Acc: 60.95% | Val Loss: 10.4285 Acc: 12.25% | Best: 17.65%@1
Epoch:  29/500 | Time: 2m11s (Train 2m08s | Val 0m02s) | LR: 0.100000 | Train Loss: 1.0243 Acc: 59.30% | Val Loss: 2.7293 Acc: 10.91% | Best: 17.65%@1
Epoch:  30/500 | Time: 2m11s (Train 2m09s | Val 0m02s) | LR: 0.100000 | Train Loss: 1.0125 Acc: 60.18% | Val Loss: 3.2933 Acc: 12.25% | Best: 17.65%@1
Epoch:  31/500 | Time: 2m11s (Train 2m08s | Val 0m02s) | LR: 0.100000 | Train Loss: 1.0067 Acc: 60.91% | Val Loss: 10.0051 Acc:  3.80% | Best: 17.65%@1
Epoch:  32/500 | Time: 2m10s (Train 2m08s | Val 0m02s) | LR: 0.100000 | Train Loss: 0.9949 Acc: 60.71% | Val Loss: 2.7690 Acc:  9.07% | Best: 17.65%@1
Epoch:  33/500 | Time: 2m10s (Train 2m08s | Val 0m02s) | LR: 0.100000 | Train Loss: 0.9974 Acc: 61.04% | Val Loss: 3.4398 Acc: 10.05% | Best: 17.65%@1
Epoch:  34/500 | Time: 2m11s (Train 2m08s | Val 0m02s) | LR: 0.100000 | Train Loss: 1.0081 Acc: 59.69% | Val Loss: 3.9483 Acc:  8.70% | Best: 17.65%@1
Epoch:  35/500 | Time: 2m11s (Train 2m09s | Val 0m02s) | LR: 0.100000 | Train Loss: 0.9852 Acc: 61.09% | Val Loss: 4.4041 Acc: 10.05% | Best: 17.65%@1
Epoch:  36/500 | Time: 2m11s (Train 2m09s | Val 0m02s) | LR: 0.100000 | Train Loss: 0.9733 Acc: 61.38% | Val Loss: 3.2952 Acc:  4.04% | Best: 17.65%@1
Epoch:  37/500 | Time: 2m11s (Train 2m08s | Val 0m02s) | LR: 0.100000 | Train Loss: 0.9744 Acc: 62.17% | Val Loss: 2.9398 Acc: 12.25% | Best: 17.65%@1
Epoch:  38/500 | Time: 2m12s (Train 2m09s | Val 0m02s) | LR: 0.100000 | Train Loss: 0.9800 Acc: 61.63% | Val Loss: 3.2242 Acc:  7.48% | Best: 17.65%@1
Epoch:  39/500 | Time: 2m11s (Train 2m08s | Val 0m02s) | LR: 0.100000 | Train Loss: 0.9639 Acc: 62.43% | Val Loss: 3.5452 Acc: 10.66% | Best: 17.65%@1
Epoch:  40/500 | Time: 2m10s (Train 2m07s | Val 0m02s) | LR: 0.100000 | Train Loss: 0.9643 Acc: 61.82% | Val Loss: 2.9473 Acc: 13.24% | Best: 17.65%@1
Epoch:  41/500 | Time: 2m10s (Train 2m08s | Val 0m02s) | LR: 0.100000 | Train Loss: 0.9492 Acc: 63.49% | Val Loss: 3.6050 Acc:  7.48% | Best: 17.65%@1
Epoch:  42/500 | Time: 2m11s (Train 2m08s | Val 0m02s) | LR: 0.100000 | Train Loss: 0.9609 Acc: 63.21% | Val Loss: 2.8475 Acc:  7.35% | Best: 17.65%@1
Epoch:  43/500 | Time: 2m14s (Train 2m11s | Val 0m02s) | LR: 0.100000 | Train Loss: 0.9794 Acc: 61.86% | Val Loss: 2.6867 Acc: 14.83% | Best: 17.65%@1
Epoch:  44/500 | Time: 2m11s (Train 2m08s | Val 0m02s) | LR: 0.100000 | Train Loss: 0.9592 Acc: 62.87% | Val Loss: 5.5098 Acc:  3.92% | Best: 17.65%@1
Epoch:  45/500 | Time: 2m10s (Train 2m08s | Val 0m02s) | LR: 0.100000 | Train Loss: 0.9578 Acc: 62.76% | Val Loss: 4.4984 Acc:  7.84% | Best: 17.65%@1
Epoch:  46/500 | Time: 2m11s (Train 2m08s | Val 0m02s) | LR: 0.100000 | Train Loss: 0.9358 Acc: 63.86% | Val Loss: 3.9070 Acc: 12.25% | Best: 17.65%@1
Epoch:  47/500 | Time: 2m11s (Train 2m08s | Val 0m02s) | LR: 0.100000 | Train Loss: 0.9451 Acc: 62.91% | Val Loss: 3.2356 Acc:  7.72% | Best: 17.65%@1
Epoch:  48/500 | Time: 2m11s (Train 2m09s | Val 0m02s) | LR: 0.100000 | Train Loss: 0.9693 Acc: 62.33% | Val Loss: 2.3804 Acc: 11.03% | Best: 17.65%@1
Epoch:  49/500 | Time: 2m10s (Train 2m08s | Val 0m02s) | LR: 0.100000 | Train Loss: 0.9365 Acc: 63.15% | Val Loss: 4.8744 Acc: 10.05% | Best: 17.65%@1
Epoch:  50/500 | Time: 2m10s (Train 2m08s | Val 0m02s) | LR: 0.100000 | Train Loss: 0.9360 Acc: 64.01% | Val Loss: 2.5200 Acc: 12.50% | Best: 17.65%@1
Epoch:  51/500 | Time: 2m11s (Train 2m09s | Val 0m02s) | LR: 0.100000 | Train Loss: 0.9316 Acc: 63.24% | Val Loss: 3.6752 Acc:  9.07% | Best: 17.65%@1
Epoch:  52/500 | Time: 2m11s (Train 2m08s | Val 0m02s) | LR: 0.100000 | Train Loss: 0.9344 Acc: 63.95% | Val Loss: 2.4384 Acc: 17.40% | Best: 17.65%@1
Epoch:  53/500 | Time: 2m10s (Train 2m07s | Val 0m02s) | LR: 0.100000 | Train Loss: 0.9279 Acc: 63.92% | Val Loss: 2.9980 Acc:  9.56% | Best: 17.65%@1
Epoch:  54/500 | Time: 2m11s (Train 2m08s | Val 0m02s) | LR: 0.100000 | Train Loss: 0.9378 Acc: 63.71% | Val Loss: 2.7931 Acc: 13.73% | Best: 17.65%@1
Epoch:  55/500 | Time: 2m11s (Train 2m08s | Val 0m02s) | LR: 0.100000 | Train Loss: 0.9307 Acc: 64.26% | Val Loss: 3.2286 Acc:  7.35% | Best: 17.65%@1
Epoch:  56/500 | Time: 2m11s (Train 2m08s | Val 0m02s) | LR: 0.100000 | Train Loss: 0.9163 Acc: 65.41% | Val Loss: 3.8678 Acc: 13.24% | Best: 17.65%@1
  ✓ Saved best model (val_acc: 18.26%)
Epoch:  57/500 | Time: 2m14s (Train 2m11s | Val 0m02s) | LR: 0.100000 | Train Loss: 0.9100 Acc: 65.87% | Val Loss: 2.6752 Acc: 18.26% | Best: 18.26%@57
Epoch:  58/500 | Time: 2m11s (Train 2m08s | Val 0m02s) | LR: 0.100000 | Train Loss: 0.9270 Acc: 64.19% | Val Loss: 2.8651 Acc: 15.81% | Best: 18.26%@57
  ✓ Saved best model (val_acc: 19.73%)
Epoch:  59/500 | Time: 2m10s (Train 2m07s | Val 0m02s) | LR: 0.100000 | Train Loss: 0.9221 Acc: 64.84% | Val Loss: 2.4661 Acc: 19.73% | Best: 19.73%@59
Epoch:  60/500 | Time: 2m12s (Train 2m10s | Val 0m02s) | LR: 0.100000 | Train Loss: 0.9329 Acc: 64.02% | Val Loss: 3.7998 Acc: 12.50% | Best: 19.73%@59
  ✓ Saved best model (val_acc: 30.39%)
Epoch:  61/500 | Time: 2m10s (Train 2m08s | Val 0m02s) | LR: 0.100000 | Train Loss: 0.9134 Acc: 64.39% | Val Loss: 2.2304 Acc: 30.39% | Best: 30.39%@61
Epoch:  62/500 | Time: 2m10s (Train 2m07s | Val 0m02s) | LR: 0.100000 | Train Loss: 0.9059 Acc: 64.79% | Val Loss: 3.2452 Acc: 14.46% | Best: 30.39%@61
Epoch:  63/500 | Time: 2m11s (Train 2m08s | Val 0m02s) | LR: 0.100000 | Train Loss: 0.9083 Acc: 65.09% | Val Loss: 2.7677 Acc: 16.05% | Best: 30.39%@61
Epoch:  64/500 | Time: 2m10s (Train 2m08s | Val 0m02s) | LR: 0.100000 | Train Loss: 0.9025 Acc: 64.76% | Val Loss: 3.2633 Acc:  9.56% | Best: 30.39%@61
Epoch:  65/500 | Time: 2m09s (Train 2m07s | Val 0m02s) | LR: 0.100000 | Train Loss: 0.9073 Acc: 65.00% | Val Loss: 3.7204 Acc:  4.29% | Best: 30.39%@61
Epoch:  66/500 | Time: 2m11s (Train 2m08s | Val 0m02s) | LR: 0.100000 | Train Loss: 0.9088 Acc: 65.28% | Val Loss: 2.8807 Acc: 19.00% | Best: 30.39%@61
Epoch:  67/500 | Time: 2m11s (Train 2m09s | Val 0m02s) | LR: 0.100000 | Train Loss: 0.8962 Acc: 65.50% | Val Loss: 3.2365 Acc: 13.36% | Best: 30.39%@61
Epoch:  68/500 | Time: 2m11s (Train 2m08s | Val 0m02s) | LR: 0.100000 | Train Loss: 0.9010 Acc: 65.78% | Val Loss: 2.2042 Acc: 20.71% | Best: 30.39%@61
Epoch:  69/500 | Time: 2m10s (Train 2m07s | Val 0m02s) | LR: 0.100000 | Train Loss: 0.9101 Acc: 64.08% | Val Loss: 3.2224 Acc: 13.60% | Best: 30.39%@61
Epoch:  70/500 | Time: 2m11s (Train 2m08s | Val 0m02s) | LR: 0.100000 | Train Loss: 0.9032 Acc: 65.17% | Val Loss: 2.8798 Acc: 18.26% | Best: 30.39%@61
Epoch:  71/500 | Time: 2m11s (Train 2m09s | Val 0m02s) | LR: 0.100000 | Train Loss: 0.8854 Acc: 66.02% | Val Loss: 2.5955 Acc: 19.12% | Best: 30.39%@61
Epoch:  72/500 | Time: 2m10s (Train 2m08s | Val 0m02s) | LR: 0.100000 | Train Loss: 0.9069 Acc: 64.45% | Val Loss: 3.2922 Acc: 10.91% | Best: 30.39%@61
Epoch:  73/500 | Time: 2m10s (Train 2m08s | Val 0m02s) | LR: 0.100000 | Train Loss: 0.9113 Acc: 64.49% | Val Loss: 2.6708 Acc: 16.91% | Best: 30.39%@61
Epoch:  74/500 | Time: 2m11s (Train 2m08s | Val 0m02s) | LR: 0.100000 | Train Loss: 0.8875 Acc: 66.08% | Val Loss: 2.3818 Acc: 20.59% | Best: 30.39%@61
Epoch:  75/500 | Time: 2m11s (Train 2m08s | Val 0m02s) | LR: 0.100000 | Train Loss: 0.8891 Acc: 65.74% | Val Loss: 3.1152 Acc: 18.87% | Best: 30.39%@61
Epoch:  76/500 | Time: 2m11s (Train 2m08s | Val 0m02s) | LR: 0.100000 | Train Loss: 0.8914 Acc: 66.28% | Val Loss: 2.4690 Acc: 15.44% | Best: 30.39%@61
Epoch:  77/500 | Time: 2m12s (Train 2m10s | Val 0m02s) | LR: 0.100000 | Train Loss: 0.8969 Acc: 65.80% | Val Loss: 2.1531 Acc: 28.92% | Best: 30.39%@61
  ✓ Saved best model (val_acc: 30.51%)
Epoch:  78/500 | Time: 2m11s (Train 2m08s | Val 0m02s) | LR: 0.100000 | Train Loss: 0.9032 Acc: 65.20% | Val Loss: 2.2863 Acc: 30.51% | Best: 30.51%@78
Epoch:  79/500 | Time: 2m12s (Train 2m09s | Val 0m02s) | LR: 0.100000 | Train Loss: 0.8927 Acc: 65.47% | Val Loss: 2.8870 Acc: 17.65% | Best: 30.51%@78
  ✓ Saved best model (val_acc: 30.76%)
Epoch:  80/500 | Time: 2m11s (Train 2m08s | Val 0m02s) | LR: 0.100000 | Train Loss: 0.8881 Acc: 66.41% | Val Loss: 2.1160 Acc: 30.76% | Best: 30.76%@80
Epoch:  81/500 | Time: 2m11s (Train 2m09s | Val 0m02s) | LR: 0.100000 | Train Loss: 0.8843 Acc: 66.36% | Val Loss: 2.5088 Acc: 22.30% | Best: 30.76%@80
  ✓ Saved best model (val_acc: 34.31%)
Epoch:  82/500 | Time: 2m11s (Train 2m08s | Val 0m02s) | LR: 0.100000 | Train Loss: 0.8901 Acc: 66.45% | Val Loss: 2.1330 Acc: 34.31% | Best: 34.31%@82
Epoch:  83/500 | Time: 2m11s (Train 2m08s | Val 0m02s) | LR: 0.100000 | Train Loss: 0.8844 Acc: 67.13% | Val Loss: 2.2585 Acc: 31.37% | Best: 34.31%@82
Epoch:  84/500 | Time: 2m11s (Train 2m08s | Val 0m02s) | LR: 0.100000 | Train Loss: 0.8811 Acc: 66.62% | Val Loss: 2.6490 Acc: 31.25% | Best: 34.31%@82
Epoch:  85/500 | Time: 2m11s (Train 2m09s | Val 0m02s) | LR: 0.100000 | Train Loss: 0.8858 Acc: 66.08% | Val Loss: 3.0081 Acc: 23.04% | Best: 34.31%@82
Epoch:  86/500 | Time: 2m10s (Train 2m07s | Val 0m02s) | LR: 0.100000 | Train Loss: 0.8859 Acc: 66.82% | Val Loss: 2.7784 Acc: 21.20% | Best: 34.31%@82
Epoch:  87/500 | Time: 2m11s (Train 2m08s | Val 0m02s) | LR: 0.100000 | Train Loss: 0.8763 Acc: 66.79% | Val Loss: 3.0394 Acc: 16.67% | Best: 34.31%@82
Epoch:  88/500 | Time: 2m11s (Train 2m08s | Val 0m02s) | LR: 0.100000 | Train Loss: 0.8752 Acc: 66.55% | Val Loss: 2.4417 Acc: 20.83% | Best: 34.31%@82
Epoch:  89/500 | Time: 2m11s (Train 2m09s | Val 0m02s) | LR: 0.100000 | Train Loss: 0.8755 Acc: 66.45% | Val Loss: 4.1966 Acc: 17.03% | Best: 34.31%@82
Epoch:  90/500 | Time: 2m11s (Train 2m08s | Val 0m02s) | LR: 0.100000 | Train Loss: 0.8806 Acc: 66.66% | Val Loss: 2.3949 Acc: 22.30% | Best: 34.31%@82
Epoch:  91/500 | Time: 2m12s (Train 2m09s | Val 0m02s) | LR: 0.100000 | Train Loss: 0.8720 Acc: 66.95% | Val Loss: 2.4007 Acc: 15.44% | Best: 34.31%@82
Epoch:  92/500 | Time: 2m11s (Train 2m09s | Val 0m02s) | LR: 0.100000 | Train Loss: 0.8805 Acc: 66.32% | Val Loss: 2.9184 Acc: 10.78% | Best: 34.31%@82
Epoch:  93/500 | Time: 2m12s (Train 2m09s | Val 0m02s) | LR: 0.100000 | Train Loss: 0.8834 Acc: 66.14% | Val Loss: 3.3318 Acc: 10.05% | Best: 34.31%@82
Epoch:  94/500 | Time: 2m10s (Train 2m08s | Val 0m02s) | LR: 0.100000 | Train Loss: 0.8757 Acc: 66.29% | Val Loss: 3.4565 Acc: 14.46% | Best: 34.31%@82
Epoch:  95/500 | Time: 2m11s (Train 2m09s | Val 0m02s) | LR: 0.100000 | Train Loss: 0.8846 Acc: 66.42% | Val Loss: 2.2237 Acc: 26.59% | Best: 34.31%@82
Epoch:  96/500 | Time: 2m12s (Train 2m09s | Val 0m02s) | LR: 0.100000 | Train Loss: 0.8582 Acc: 67.39% | Val Loss: 2.1682 Acc: 32.97% | Best: 34.31%@82
Epoch:  97/500 | Time: 2m11s (Train 2m08s | Val 0m02s) | LR: 0.100000 | Train Loss: 0.8714 Acc: 66.18% | Val Loss: 2.2858 Acc: 29.78% | Best: 34.31%@82
  ✓ Saved best model (val_acc: 35.78%)
Epoch:  98/500 | Time: 2m11s (Train 2m09s | Val 0m02s) | LR: 0.100000 | Train Loss: 0.8597 Acc: 67.74% | Val Loss: 2.0251 Acc: 35.78% | Best: 35.78%@98
Epoch:  99/500 | Time: 2m11s (Train 2m09s | Val 0m02s) | LR: 0.100000 | Train Loss: 0.8735 Acc: 66.35% | Val Loss: 2.1766 Acc: 32.35% | Best: 35.78%@98
Epoch: 100/500 | Time: 2m12s (Train 2m09s | Val 0m02s) | LR: 0.100000 | Train Loss: 0.8798 Acc: 66.73% | Val Loss: 2.4347 Acc: 28.19% | Best: 35.78%@98
Epoch: 101/500 | Time: 2m11s (Train 2m08s | Val 0m02s) | LR: 0.100000 | Train Loss: 0.8664 Acc: 66.55% | Val Loss: 2.2643 Acc: 33.21% | Best: 35.78%@98
Epoch: 102/500 | Time: 2m11s (Train 2m09s | Val 0m02s) | LR: 0.100000 | Train Loss: 0.8647 Acc: 67.03% | Val Loss: 2.4295 Acc: 16.79% | Best: 35.78%@98
Epoch: 103/500 | Time: 2m11s (Train 2m08s | Val 0m02s) | LR: 0.100000 | Train Loss: 0.8742 Acc: 67.05% | Val Loss: 2.9082 Acc: 17.65% | Best: 35.78%@98
Epoch: 104/500 | Time: 2m10s (Train 2m07s | Val 0m02s) | LR: 0.100000 | Train Loss: 0.9194 Acc: 63.99% | Val Loss: 2.5131 Acc: 23.04% | Best: 35.78%@98
Epoch: 105/500 | Time: 2m11s (Train 2m08s | Val 0m02s) | LR: 0.100000 | Train Loss: 0.9009 Acc: 66.01% | Val Loss: 3.7408 Acc:  9.44% | Best: 35.78%@98
Epoch: 106/500 | Time: 2m11s (Train 2m09s | Val 0m02s) | LR: 0.100000 | Train Loss: 0.9112 Acc: 65.14% | Val Loss: 2.8272 Acc: 14.58% | Best: 35.78%@98
Epoch: 107/500 | Time: 2m10s (Train 2m08s | Val 0m02s) | LR: 0.100000 | Train Loss: 0.8903 Acc: 66.92% | Val Loss: 2.6604 Acc: 11.15% | Best: 35.78%@98
Epoch: 108/500 | Time: 2m12s (Train 2m10s | Val 0m02s) | LR: 0.100000 | Train Loss: 0.8886 Acc: 64.50% | Val Loss: 3.2936 Acc: 13.24% | Best: 35.78%@98
Epoch: 109/500 | Time: 2m11s (Train 2m09s | Val 0m02s) | LR: 0.100000 | Train Loss: 0.8878 Acc: 66.19% | Val Loss: 2.4513 Acc: 18.01% | Best: 35.78%@98
Epoch: 110/500 | Time: 2m11s (Train 2m08s | Val 0m02s) | LR: 0.100000 | Train Loss: 0.8671 Acc: 66.48% | Val Loss: 3.6791 Acc: 17.03% | Best: 35.78%@98
Epoch: 111/500 | Time: 2m11s (Train 2m09s | Val 0m02s) | LR: 0.100000 | Train Loss: 0.8922 Acc: 65.85% | Val Loss: 2.1727 Acc: 28.06% | Best: 35.78%@98
Epoch: 112/500 | Time: 2m11s (Train 2m08s | Val 0m02s) | LR: 0.100000 | Train Loss: 0.8690 Acc: 66.38% | Val Loss: 2.1197 Acc: 29.78% | Best: 35.78%@98
Epoch: 113/500 | Time: 2m12s (Train 2m09s | Val 0m02s) | LR: 0.100000 | Train Loss: 0.8794 Acc: 66.63% | Val Loss: 3.2078 Acc: 12.75% | Best: 35.78%@98
Epoch: 114/500 | Time: 2m12s (Train 2m09s | Val 0m02s) | LR: 0.100000 | Train Loss: 0.8576 Acc: 67.41% | Val Loss: 2.5081 Acc: 26.23% | Best: 35.78%@98
  ✓ Saved best model (val_acc: 37.50%)
Epoch: 115/500 | Time: 2m11s (Train 2m08s | Val 0m02s) | LR: 0.100000 | Train Loss: 0.8616 Acc: 67.17% | Val Loss: 2.0983 Acc: 37.50% | Best: 37.50%@115
Epoch: 116/500 | Time: 2m11s (Train 2m09s | Val 0m02s) | LR: 0.100000 | Train Loss: 0.8710 Acc: 66.04% | Val Loss: 2.1905 Acc: 27.94% | Best: 37.50%@115
Epoch: 117/500 | Time: 2m11s (Train 2m09s | Val 0m02s) | LR: 0.100000 | Train Loss: 0.8777 Acc: 67.05% | Val Loss: 2.1706 Acc: 19.36% | Best: 37.50%@115
Epoch: 118/500 | Time: 2m12s (Train 2m09s | Val 0m02s) | LR: 0.100000 | Train Loss: 0.8818 Acc: 66.41% | Val Loss: 2.9364 Acc: 15.69% | Best: 37.50%@115
  ✓ Saved best model (val_acc: 40.07%)
Epoch: 119/500 | Time: 2m11s (Train 2m09s | Val 0m02s) | LR: 0.100000 | Train Loss: 0.8528 Acc: 67.47% | Val Loss: 1.9860 Acc: 40.07% | Best: 40.07%@119
Epoch: 120/500 | Time: 2m12s (Train 2m09s | Val 0m02s) | LR: 0.100000 | Train Loss: 0.8577 Acc: 67.07% | Val Loss: 1.9499 Acc: 35.66% | Best: 40.07%@119
Epoch: 121/500 | Time: 2m11s (Train 2m09s | Val 0m02s) | LR: 0.100000 | Train Loss: 0.8558 Acc: 67.98% | Val Loss: 2.1373 Acc: 35.05% | Best: 40.07%@119
Epoch: 122/500 | Time: 2m12s (Train 2m09s | Val 0m02s) | LR: 0.100000 | Train Loss: 0.8523 Acc: 67.81% | Val Loss: 2.5429 Acc: 24.63% | Best: 40.07%@119
Epoch: 123/500 | Time: 2m11s (Train 2m08s | Val 0m02s) | LR: 0.100000 | Train Loss: 0.8640 Acc: 66.97% | Val Loss: 2.4777 Acc: 31.99% | Best: 40.07%@119
Epoch: 124/500 | Time: 2m11s (Train 2m09s | Val 0m02s) | LR: 0.100000 | Train Loss: 0.8666 Acc: 66.62% | Val Loss: 2.6271 Acc: 18.38% | Best: 40.07%@119
Epoch: 125/500 | Time: 2m10s (Train 2m07s | Val 0m02s) | LR: 0.100000 | Train Loss: 0.8574 Acc: 68.27% | Val Loss: 2.4738 Acc: 19.00% | Best: 40.07%@119
Epoch: 126/500 | Time: 2m11s (Train 2m08s | Val 0m02s) | LR: 0.100000 | Train Loss: 0.8593 Acc: 67.70% | Val Loss: 2.2752 Acc: 29.66% | Best: 40.07%@119
Epoch: 127/500 | Time: 2m11s (Train 2m08s | Val 0m02s) | LR: 0.100000 | Train Loss: 0.9896 Acc: 60.44% | Val Loss: 2.4446 Acc: 30.51% | Best: 40.07%@119
Epoch: 128/500 | Time: 2m11s (Train 2m08s | Val 0m02s) | LR: 0.100000 | Train Loss: 1.0572 Acc: 56.53% | Val Loss: 2.2455 Acc: 30.51% | Best: 40.07%@119
Epoch: 129/500 | Time: 2m11s (Train 2m08s | Val 0m02s) | LR: 0.100000 | Train Loss: 0.9927 Acc: 61.07% | Val Loss: 2.8055 Acc: 25.74% | Best: 40.07%@119
Epoch: 130/500 | Time: 2m11s (Train 2m08s | Val 0m02s) | LR: 0.100000 | Train Loss: 0.9805 Acc: 61.80% | Val Loss: 2.7857 Acc: 15.69% | Best: 40.07%@119
Epoch: 131/500 | Time: 2m11s (Train 2m09s | Val 0m02s) | LR: 0.100000 | Train Loss: 0.9896 Acc: 61.80% | Val Loss: 3.0409 Acc: 24.63% | Best: 40.07%@119
Epoch: 132/500 | Time: 2m11s (Train 2m08s | Val 0m02s) | LR: 0.100000 | Train Loss: 0.9629 Acc: 62.91% | Val Loss: 2.0006 Acc: 32.60% | Best: 40.07%@119
Epoch: 133/500 | Time: 2m11s (Train 2m08s | Val 0m02s) | LR: 0.100000 | Train Loss: 0.9577 Acc: 62.39% | Val Loss: 2.1011 Acc: 35.78% | Best: 40.07%@119
Epoch: 134/500 | Time: 2m11s (Train 2m09s | Val 0m02s) | LR: 0.100000 | Train Loss: 0.9693 Acc: 61.86% | Val Loss: 2.4670 Acc: 26.59% | Best: 40.07%@119
Epoch: 135/500 | Time: 2m11s (Train 2m09s | Val 0m02s) | LR: 0.100000 | Train Loss: 0.9616 Acc: 62.61% | Val Loss: 2.3424 Acc: 24.63% | Best: 40.07%@119
Epoch: 136/500 | Time: 2m11s (Train 2m08s | Val 0m02s) | LR: 0.100000 | Train Loss: 0.9471 Acc: 63.54% | Val Loss: 2.1151 Acc: 18.50% | Best: 40.07%@119
Epoch: 137/500 | Time: 2m11s (Train 2m09s | Val 0m02s) | LR: 0.100000 | Train Loss: 0.9554 Acc: 62.60% | Val Loss: 2.6795 Acc: 25.61% | Best: 40.07%@119
Epoch: 138/500 | Time: 2m12s (Train 2m09s | Val 0m02s) | LR: 0.100000 | Train Loss: 0.9373 Acc: 63.18% | Val Loss: 2.4095 Acc: 18.50% | Best: 40.07%@119
Epoch: 139/500 | Time: 2m12s (Train 2m10s | Val 0m02s) | LR: 0.100000 | Train Loss: 0.9416 Acc: 64.01% | Val Loss: 2.2703 Acc: 26.84% | Best: 40.07%@119
Epoch: 140/500 | Time: 2m13s (Train 2m10s | Val 0m02s) | LR: 0.100000 | Train Loss: 0.9287 Acc: 63.86% | Val Loss: 2.8692 Acc: 13.73% | Best: 40.07%@119
Epoch: 141/500 | Time: 2m12s (Train 2m09s | Val 0m02s) | LR: 0.100000 | Train Loss: 0.9351 Acc: 64.12% | Val Loss: 2.7635 Acc: 24.39% | Best: 40.07%@119
Epoch: 142/500 | Time: 2m11s (Train 2m08s | Val 0m02s) | LR: 0.100000 | Train Loss: 0.9400 Acc: 63.35% | Val Loss: 2.8243 Acc: 23.77% | Best: 40.07%@119
Epoch: 143/500 | Time: 2m11s (Train 2m08s | Val 0m02s) | LR: 0.100000 | Train Loss: 0.9471 Acc: 62.84% | Val Loss: 2.2426 Acc: 32.60% | Best: 40.07%@119
Epoch: 144/500 | Time: 2m12s (Train 2m09s | Val 0m02s) | LR: 0.100000 | Train Loss: 0.9410 Acc: 63.34% | Val Loss: 2.7170 Acc: 25.37% | Best: 40.07%@119
Epoch: 145/500 | Time: 2m11s (Train 2m09s | Val 0m02s) | LR: 0.100000 | Train Loss: 0.9390 Acc: 63.69% | Val Loss: 2.0310 Acc: 38.97% | Best: 40.07%@119
Epoch: 146/500 | Time: 2m12s (Train 2m09s | Val 0m02s) | LR: 0.100000 | Train Loss: 0.9361 Acc: 63.44% | Val Loss: 2.2301 Acc: 27.45% | Best: 40.07%@119
Epoch: 147/500 | Time: 2m11s (Train 2m09s | Val 0m02s) | LR: 0.100000 | Train Loss: 0.9279 Acc: 64.22% | Val Loss: 2.7042 Acc: 20.22% | Best: 40.07%@119
Epoch: 148/500 | Time: 2m11s (Train 2m09s | Val 0m02s) | LR: 0.100000 | Train Loss: 0.9386 Acc: 63.79% | Val Loss: 3.0389 Acc: 21.32% | Best: 40.07%@119
Epoch: 149/500 | Time: 2m11s (Train 2m09s | Val 0m02s) | LR: 0.100000 | Train Loss: 0.9312 Acc: 63.44% | Val Loss: 3.5608 Acc: 12.25% | Best: 40.07%@119
Epoch: 150/500 | Time: 2m12s (Train 2m09s | Val 0m02s) | LR: 0.100000 | Train Loss: 0.9325 Acc: 64.28% | Val Loss: 2.2507 Acc: 27.45% | Best: 40.07%@119
  ✓ Saved best model (val_acc: 57.60%)
Epoch: 151/500 | Time: 2m11s (Train 2m09s | Val 0m02s) | LR: 0.010000 | Train Loss: 0.8373 Acc: 68.34% | Val Loss: 1.3460 Acc: 57.60% | Best: 57.60%@151
Epoch: 152/500 | Time: 2m12s (Train 2m10s | Val 0m02s) | LR: 0.010000 | Train Loss: 0.7996 Acc: 70.30% | Val Loss: 1.7160 Acc: 48.28% | Best: 57.60%@151
Epoch: 153/500 | Time: 2m12s (Train 2m10s | Val 0m02s) | LR: 0.010000 | Train Loss: 0.7903 Acc: 71.15% | Val Loss: 1.4595 Acc: 52.08% | Best: 57.60%@151
Epoch: 154/500 | Time: 2m12s (Train 2m09s | Val 0m02s) | LR: 0.010000 | Train Loss: 0.7886 Acc: 70.53% | Val Loss: 1.7940 Acc: 37.62% | Best: 57.60%@151
  ✓ Saved best model (val_acc: 58.58%)
Epoch: 155/500 | Time: 2m11s (Train 2m09s | Val 0m02s) | LR: 0.010000 | Train Loss: 0.7623 Acc: 72.02% | Val Loss: 1.3260 Acc: 58.58% | Best: 58.58%@155
  ✓ Saved best model (val_acc: 62.50%)
Epoch: 156/500 | Time: 2m11s (Train 2m09s | Val 0m02s) | LR: 0.010000 | Train Loss: 0.7599 Acc: 72.20% | Val Loss: 1.1673 Acc: 62.50% | Best: 62.50%@156
Epoch: 157/500 | Time: 2m12s (Train 2m09s | Val 0m02s) | LR: 0.010000 | Train Loss: 0.7654 Acc: 71.46% | Val Loss: 1.6598 Acc: 51.10% | Best: 62.50%@156
Epoch: 158/500 | Time: 2m11s (Train 2m09s | Val 0m02s) | LR: 0.010000 | Train Loss: 0.7641 Acc: 71.41% | Val Loss: 1.7811 Acc: 44.85% | Best: 62.50%@156
Epoch: 159/500 | Time: 2m12s (Train 2m09s | Val 0m02s) | LR: 0.010000 | Train Loss: 0.7408 Acc: 73.17% | Val Loss: 1.6435 Acc: 45.96% | Best: 62.50%@156
Epoch: 160/500 | Time: 2m11s (Train 2m09s | Val 0m02s) | LR: 0.010000 | Train Loss: 0.7440 Acc: 72.67% | Val Loss: 1.6562 Acc: 52.70% | Best: 62.50%@156
Epoch: 161/500 | Time: 2m12s (Train 2m09s | Val 0m02s) | LR: 0.010000 | Train Loss: 0.7454 Acc: 72.09% | Val Loss: 1.8242 Acc: 47.06% | Best: 62.50%@156
Epoch: 162/500 | Time: 2m11s (Train 2m09s | Val 0m02s) | LR: 0.010000 | Train Loss: 0.7335 Acc: 73.72% | Val Loss: 1.6364 Acc: 45.22% | Best: 62.50%@156
Epoch: 163/500 | Time: 2m11s (Train 2m08s | Val 0m02s) | LR: 0.010000 | Train Loss: 0.7342 Acc: 72.46% | Val Loss: 1.6926 Acc: 44.98% | Best: 62.50%@156
Epoch: 164/500 | Time: 2m11s (Train 2m08s | Val 0m02s) | LR: 0.010000 | Train Loss: 0.7262 Acc: 73.03% | Val Loss: 2.0733 Acc: 34.56% | Best: 62.50%@156
Epoch: 165/500 | Time: 2m11s (Train 2m08s | Val 0m02s) | LR: 0.010000 | Train Loss: 0.7279 Acc: 72.70% | Val Loss: 1.7104 Acc: 44.36% | Best: 62.50%@156
Epoch: 166/500 | Time: 2m11s (Train 2m09s | Val 0m02s) | LR: 0.010000 | Train Loss: 0.7157 Acc: 73.81% | Val Loss: 1.9547 Acc: 44.36% | Best: 62.50%@156
Epoch: 167/500 | Time: 2m12s (Train 2m10s | Val 0m02s) | LR: 0.010000 | Train Loss: 0.7324 Acc: 73.66% | Val Loss: 1.7046 Acc: 42.77% | Best: 62.50%@156
Epoch: 168/500 | Time: 2m12s (Train 2m09s | Val 0m02s) | LR: 0.010000 | Train Loss: 0.7169 Acc: 73.74% | Val Loss: 2.0555 Acc: 35.78% | Best: 62.50%@156
Epoch: 169/500 | Time: 2m12s (Train 2m10s | Val 0m02s) | LR: 0.010000 | Train Loss: 0.7148 Acc: 73.03% | Val Loss: 2.1833 Acc: 34.93% | Best: 62.50%@156
Epoch: 170/500 | Time: 2m12s (Train 2m09s | Val 0m02s) | LR: 0.010000 | Train Loss: 0.7133 Acc: 74.59% | Val Loss: 1.3012 Acc: 57.97% | Best: 62.50%@156
Epoch: 171/500 | Time: 2m12s (Train 2m09s | Val 0m02s) | LR: 0.010000 | Train Loss: 0.7074 Acc: 74.46% | Val Loss: 1.7391 Acc: 42.03% | Best: 62.50%@156
Epoch: 172/500 | Time: 2m12s (Train 2m09s | Val 0m02s) | LR: 0.010000 | Train Loss: 0.7110 Acc: 74.53% | Val Loss: 2.6601 Acc: 25.98% | Best: 62.50%@156
Epoch: 173/500 | Time: 2m12s (Train 2m09s | Val 0m02s) | LR: 0.010000 | Train Loss: 0.6982 Acc: 75.07% | Val Loss: 2.0860 Acc: 33.95% | Best: 62.50%@156
Epoch: 174/500 | Time: 2m12s (Train 2m09s | Val 0m02s) | LR: 0.010000 | Train Loss: 0.7081 Acc: 74.91% | Val Loss: 1.6150 Acc: 54.04% | Best: 62.50%@156
Epoch: 175/500 | Time: 2m12s (Train 2m09s | Val 0m02s) | LR: 0.010000 | Train Loss: 0.7096 Acc: 73.48% | Val Loss: 1.8914 Acc: 40.56% | Best: 62.50%@156
Epoch: 176/500 | Time: 2m12s (Train 2m09s | Val 0m02s) | LR: 0.010000 | Train Loss: 0.7051 Acc: 74.32% | Val Loss: 2.1338 Acc: 36.27% | Best: 62.50%@156
Epoch: 177/500 | Time: 2m12s (Train 2m09s | Val 0m02s) | LR: 0.010000 | Train Loss: 0.7093 Acc: 74.03% | Val Loss: 1.8192 Acc: 41.54% | Best: 62.50%@156
Epoch: 178/500 | Time: 2m11s (Train 2m09s | Val 0m02s) | LR: 0.010000 | Train Loss: 0.7067 Acc: 73.79% | Val Loss: 2.1951 Acc: 33.21% | Best: 62.50%@156
Epoch: 179/500 | Time: 2m11s (Train 2m09s | Val 0m02s) | LR: 0.010000 | Train Loss: 0.6997 Acc: 74.97% | Val Loss: 1.8603 Acc: 45.47% | Best: 62.50%@156
Epoch: 180/500 | Time: 2m11s (Train 2m09s | Val 0m02s) | LR: 0.010000 | Train Loss: 0.7048 Acc: 74.15% | Val Loss: 1.8087 Acc: 41.18% | Best: 62.50%@156
Epoch: 181/500 | Time: 2m11s (Train 2m09s | Val 0m02s) | LR: 0.010000 | Train Loss: 0.7040 Acc: 74.16% | Val Loss: 2.0493 Acc: 30.64% | Best: 62.50%@156
Epoch: 182/500 | Time: 2m11s (Train 2m08s | Val 0m02s) | LR: 0.010000 | Train Loss: 0.6968 Acc: 74.40% | Val Loss: 1.6866 Acc: 40.93% | Best: 62.50%@156
Epoch: 183/500 | Time: 2m12s (Train 2m09s | Val 0m02s) | LR: 0.010000 | Train Loss: 0.6879 Acc: 75.18% | Val Loss: 1.8582 Acc: 42.77% | Best: 62.50%@156
Epoch: 184/500 | Time: 2m11s (Train 2m08s | Val 0m02s) | LR: 0.010000 | Train Loss: 0.6953 Acc: 74.43% | Val Loss: 1.9866 Acc: 38.73% | Best: 62.50%@156
Epoch: 185/500 | Time: 2m11s (Train 2m08s | Val 0m02s) | LR: 0.010000 | Train Loss: 0.6927 Acc: 74.99% | Val Loss: 1.3500 Acc: 56.00% | Best: 62.50%@156
Epoch: 186/500 | Time: 2m11s (Train 2m09s | Val 0m02s) | LR: 0.010000 | Train Loss: 0.6892 Acc: 75.34% | Val Loss: 1.5345 Acc: 51.35% | Best: 62.50%@156
Epoch: 187/500 | Time: 2m11s (Train 2m08s | Val 0m02s) | LR: 0.010000 | Train Loss: 0.6971 Acc: 74.35% | Val Loss: 1.9035 Acc: 43.75% | Best: 62.50%@156
Epoch: 188/500 | Time: 2m12s (Train 2m09s | Val 0m02s) | LR: 0.010000 | Train Loss: 0.6951 Acc: 73.81% | Val Loss: 2.2670 Acc: 32.23% | Best: 62.50%@156
Epoch: 189/500 | Time: 2m12s (Train 2m09s | Val 0m02s) | LR: 0.010000 | Train Loss: 0.6877 Acc: 75.98% | Val Loss: 2.3368 Acc: 31.13% | Best: 62.50%@156
Epoch: 190/500 | Time: 2m12s (Train 2m09s | Val 0m02s) | LR: 0.010000 | Train Loss: 0.6983 Acc: 74.60% | Val Loss: 2.1887 Acc: 33.95% | Best: 62.50%@156
Epoch: 191/500 | Time: 2m11s (Train 2m09s | Val 0m02s) | LR: 0.010000 | Train Loss: 0.6809 Acc: 75.37% | Val Loss: 2.0215 Acc: 40.20% | Best: 62.50%@156
Epoch: 192/500 | Time: 2m11s (Train 2m09s | Val 0m02s) | LR: 0.010000 | Train Loss: 0.6924 Acc: 74.56% | Val Loss: 2.0264 Acc: 43.75% | Best: 62.50%@156
Epoch: 193/500 | Time: 2m11s (Train 2m09s | Val 0m02s) | LR: 0.010000 | Train Loss: 0.6882 Acc: 74.97% | Val Loss: 2.4326 Acc: 31.74% | Best: 62.50%@156
Epoch: 194/500 | Time: 2m11s (Train 2m08s | Val 0m02s) | LR: 0.010000 | Train Loss: 0.6880 Acc: 74.79% | Val Loss: 1.4460 Acc: 55.64% | Best: 62.50%@156
Epoch: 195/500 | Time: 2m10s (Train 2m08s | Val 0m02s) | LR: 0.010000 | Train Loss: 0.6912 Acc: 75.14% | Val Loss: 1.4279 Acc: 56.62% | Best: 62.50%@156
Epoch: 196/500 | Time: 2m11s (Train 2m08s | Val 0m02s) | LR: 0.010000 | Train Loss: 0.6803 Acc: 75.77% | Val Loss: 1.6056 Acc: 47.06% | Best: 62.50%@156
Epoch: 197/500 | Time: 2m11s (Train 2m08s | Val 0m02s) | LR: 0.010000 | Train Loss: 0.6816 Acc: 74.89% | Val Loss: 1.5688 Acc: 54.66% | Best: 62.50%@156
Epoch: 198/500 | Time: 2m11s (Train 2m09s | Val 0m02s) | LR: 0.010000 | Train Loss: 0.6904 Acc: 74.87% | Val Loss: 2.0311 Acc: 43.26% | Best: 62.50%@156
Epoch: 199/500 | Time: 2m10s (Train 2m08s | Val 0m02s) | LR: 0.010000 | Train Loss: 0.6741 Acc: 76.78% | Val Loss: 1.9360 Acc: 36.15% | Best: 62.50%@156
Epoch: 200/500 | Time: 2m12s (Train 2m09s | Val 0m02s) | LR: 0.010000 | Train Loss: 0.6718 Acc: 74.60% | Val Loss: 1.6787 Acc: 49.88% | Best: 62.50%@156
Epoch: 201/500 | Time: 2m11s (Train 2m08s | Val 0m02s) | LR: 0.010000 | Train Loss: 0.6719 Acc: 75.62% | Val Loss: 1.7214 Acc: 44.85% | Best: 62.50%@156
Epoch: 202/500 | Time: 2m11s (Train 2m08s | Val 0m02s) | LR: 0.010000 | Train Loss: 0.6819 Acc: 76.05% | Val Loss: 2.5573 Acc: 32.11% | Best: 62.50%@156
Epoch: 203/500 | Time: 2m11s (Train 2m09s | Val 0m02s) | LR: 0.010000 | Train Loss: 0.6876 Acc: 74.99% | Val Loss: 2.0160 Acc: 38.60% | Best: 62.50%@156
Epoch: 204/500 | Time: 2m12s (Train 2m09s | Val 0m02s) | LR: 0.010000 | Train Loss: 0.6767 Acc: 76.42% | Val Loss: 2.0728 Acc: 34.19% | Best: 62.50%@156
Epoch: 205/500 | Time: 2m11s (Train 2m09s | Val 0m02s) | LR: 0.010000 | Train Loss: 0.6855 Acc: 75.58% | Val Loss: 1.8792 Acc: 39.71% | Best: 62.50%@156
Epoch: 206/500 | Time: 2m11s (Train 2m09s | Val 0m02s) | LR: 0.010000 | Train Loss: 0.6805 Acc: 75.45% | Val Loss: 2.1550 Acc: 41.67% | Best: 62.50%@156
Epoch: 207/500 | Time: 2m12s (Train 2m09s | Val 0m02s) | LR: 0.010000 | Train Loss: 0.6806 Acc: 75.75% | Val Loss: 2.0297 Acc: 41.91% | Best: 62.50%@156
Epoch: 208/500 | Time: 2m11s (Train 2m08s | Val 0m02s) | LR: 0.010000 | Train Loss: 0.6755 Acc: 74.93% | Val Loss: 1.8256 Acc: 41.42% | Best: 62.50%@156
Epoch: 209/500 | Time: 2m12s (Train 2m09s | Val 0m02s) | LR: 0.010000 | Train Loss: 0.6683 Acc: 76.49% | Val Loss: 1.9061 Acc: 47.18% | Best: 62.50%@156
Epoch: 210/500 | Time: 2m12s (Train 2m09s | Val 0m02s) | LR: 0.010000 | Train Loss: 0.6625 Acc: 75.94% | Val Loss: 1.8011 Acc: 47.67% | Best: 62.50%@156
Epoch: 211/500 | Time: 2m12s (Train 2m09s | Val 0m02s) | LR: 0.010000 | Train Loss: 0.6675 Acc: 75.91% | Val Loss: 2.0366 Acc: 37.75% | Best: 62.50%@156
Epoch: 212/500 | Time: 2m12s (Train 2m09s | Val 0m02s) | LR: 0.010000 | Train Loss: 0.6647 Acc: 76.76% | Val Loss: 1.9043 Acc: 41.42% | Best: 62.50%@156
Epoch: 213/500 | Time: 2m11s (Train 2m08s | Val 0m02s) | LR: 0.010000 | Train Loss: 0.6741 Acc: 75.94% | Val Loss: 2.0351 Acc: 50.12% | Best: 62.50%@156
Epoch: 214/500 | Time: 2m11s (Train 2m08s | Val 0m02s) | LR: 0.010000 | Train Loss: 0.6723 Acc: 75.89% | Val Loss: 2.0016 Acc: 37.38% | Best: 62.50%@156
Epoch: 215/500 | Time: 2m11s (Train 2m08s | Val 0m02s) | LR: 0.010000 | Train Loss: 0.6667 Acc: 76.09% | Val Loss: 2.1222 Acc: 29.78% | Best: 62.50%@156
Epoch: 216/500 | Time: 2m11s (Train 2m08s | Val 0m02s) | LR: 0.010000 | Train Loss: 0.6706 Acc: 75.87% | Val Loss: 2.3973 Acc: 30.39% | Best: 62.50%@156
Epoch: 217/500 | Time: 2m11s (Train 2m08s | Val 0m02s) | LR: 0.010000 | Train Loss: 0.6602 Acc: 76.42% | Val Loss: 1.7172 Acc: 43.26% | Best: 62.50%@156
Epoch: 218/500 | Time: 2m11s (Train 2m08s | Val 0m02s) | LR: 0.010000 | Train Loss: 0.6760 Acc: 75.58% | Val Loss: 2.0408 Acc: 36.89% | Best: 62.50%@156
Epoch: 219/500 | Time: 2m11s (Train 2m09s | Val 0m02s) | LR: 0.010000 | Train Loss: 0.6616 Acc: 76.02% | Val Loss: 1.9997 Acc: 44.12% | Best: 62.50%@156
Epoch: 220/500 | Time: 2m11s (Train 2m09s | Val 0m02s) | LR: 0.010000 | Train Loss: 0.6695 Acc: 76.36% | Val Loss: 1.9882 Acc: 43.75% | Best: 62.50%@156
Epoch: 221/500 | Time: 2m11s (Train 2m09s | Val 0m02s) | LR: 0.010000 | Train Loss: 0.6678 Acc: 76.08% | Val Loss: 1.6748 Acc: 41.79% | Best: 62.50%@156
Epoch: 222/500 | Time: 2m15s (Train 2m12s | Val 0m02s) | LR: 0.010000 | Train Loss: 0.6656 Acc: 75.16% | Val Loss: 1.5912 Acc: 52.57% | Best: 62.50%@156
Epoch: 223/500 | Time: 2m17s (Train 2m15s | Val 0m02s) | LR: 0.010000 | Train Loss: 0.6698 Acc: 75.70% | Val Loss: 1.8436 Acc: 40.20% | Best: 62.50%@156
Epoch: 224/500 | Time: 2m17s (Train 2m14s | Val 0m02s) | LR: 0.010000 | Train Loss: 0.6572 Acc: 75.78% | Val Loss: 1.6219 Acc: 47.67% | Best: 62.50%@156
Epoch: 225/500 | Time: 2m16s (Train 2m14s | Val 0m02s) | LR: 0.010000 | Train Loss: 0.6725 Acc: 75.34% | Val Loss: 1.8875 Acc: 40.69% | Best: 62.50%@156
Epoch: 226/500 | Time: 2m16s (Train 2m13s | Val 0m02s) | LR: 0.010000 | Train Loss: 0.6571 Acc: 76.42% | Val Loss: 1.9773 Acc: 41.54% | Best: 62.50%@156
Epoch: 227/500 | Time: 2m19s (Train 2m16s | Val 0m02s) | LR: 0.010000 | Train Loss: 0.6684 Acc: 75.71% | Val Loss: 2.2282 Acc: 26.84% | Best: 62.50%@156
Epoch: 228/500 | Time: 2m18s (Train 2m15s | Val 0m02s) | LR: 0.010000 | Train Loss: 0.6632 Acc: 76.48% | Val Loss: 1.5778 Acc: 52.94% | Best: 62.50%@156
Epoch: 229/500 | Time: 2m19s (Train 2m16s | Val 0m02s) | LR: 0.010000 | Train Loss: 0.6644 Acc: 76.49% | Val Loss: 1.5214 Acc: 50.49% | Best: 62.50%@156
Epoch: 230/500 | Time: 2m19s (Train 2m16s | Val 0m02s) | LR: 0.010000 | Train Loss: 0.6477 Acc: 76.92% | Val Loss: 1.7544 Acc: 44.98% | Best: 62.50%@156
Epoch: 231/500 | Time: 2m18s (Train 2m15s | Val 0m02s) | LR: 0.010000 | Train Loss: 0.6674 Acc: 75.58% | Val Loss: 2.0698 Acc: 39.83% | Best: 62.50%@156
Epoch: 232/500 | Time: 2m17s (Train 2m15s | Val 0m02s) | LR: 0.010000 | Train Loss: 0.6590 Acc: 76.41% | Val Loss: 1.8502 Acc: 46.45% | Best: 62.50%@156
Epoch: 233/500 | Time: 2m18s (Train 2m16s | Val 0m02s) | LR: 0.010000 | Train Loss: 0.6662 Acc: 75.62% | Val Loss: 1.7322 Acc: 42.40% | Best: 62.50%@156
Epoch: 234/500 | Time: 2m20s (Train 2m17s | Val 0m02s) | LR: 0.010000 | Train Loss: 0.6577 Acc: 76.79% | Val Loss: 2.0695 Acc: 39.46% | Best: 62.50%@156
Epoch: 235/500 | Time: 2m19s (Train 2m16s | Val 0m02s) | LR: 0.010000 | Train Loss: 0.6456 Acc: 76.97% | Val Loss: 1.8775 Acc: 39.95% | Best: 62.50%@156
Epoch: 236/500 | Time: 2m19s (Train 2m16s | Val 0m02s) | LR: 0.010000 | Train Loss: 0.6638 Acc: 75.68% | Val Loss: 2.0005 Acc: 33.58% | Best: 62.50%@156
Epoch: 237/500 | Time: 2m18s (Train 2m15s | Val 0m02s) | LR: 0.010000 | Train Loss: 0.6584 Acc: 76.45% | Val Loss: 1.6683 Acc: 46.94% | Best: 62.50%@156
Epoch: 238/500 | Time: 2m18s (Train 2m16s | Val 0m02s) | LR: 0.010000 | Train Loss: 0.6560 Acc: 76.04% | Val Loss: 1.4503 Acc: 48.90% | Best: 62.50%@156
Epoch: 239/500 | Time: 2m18s (Train 2m15s | Val 0m02s) | LR: 0.010000 | Train Loss: 0.6599 Acc: 76.69% | Val Loss: 2.0461 Acc: 34.56% | Best: 62.50%@156
Epoch: 240/500 | Time: 2m18s (Train 2m15s | Val 0m02s) | LR: 0.010000 | Train Loss: 0.6520 Acc: 76.09% | Val Loss: 2.2088 Acc: 25.12% | Best: 62.50%@156
Epoch: 241/500 | Time: 2m18s (Train 2m16s | Val 0m02s) | LR: 0.010000 | Train Loss: 0.6564 Acc: 76.51% | Val Loss: 1.6790 Acc: 46.20% | Best: 62.50%@156
Epoch: 242/500 | Time: 2m19s (Train 2m16s | Val 0m02s) | LR: 0.010000 | Train Loss: 0.6669 Acc: 76.49% | Val Loss: 1.7402 Acc: 43.38% | Best: 62.50%@156
Epoch: 243/500 | Time: 2m17s (Train 2m15s | Val 0m02s) | LR: 0.010000 | Train Loss: 0.6629 Acc: 75.95% | Val Loss: 1.5636 Acc: 45.47% | Best: 62.50%@156
Epoch: 244/500 | Time: 2m17s (Train 2m15s | Val 0m02s) | LR: 0.010000 | Train Loss: 0.6649 Acc: 76.78% | Val Loss: 1.4347 Acc: 52.82% | Best: 62.50%@156
Epoch: 245/500 | Time: 2m17s (Train 2m14s | Val 0m02s) | LR: 0.010000 | Train Loss: 0.6561 Acc: 76.93% | Val Loss: 2.2149 Acc: 31.74% | Best: 62.50%@156
Epoch: 246/500 | Time: 2m17s (Train 2m15s | Val 0m02s) | LR: 0.010000 | Train Loss: 0.6521 Acc: 76.69% | Val Loss: 1.7613 Acc: 50.61% | Best: 62.50%@156
Epoch: 247/500 | Time: 2m17s (Train 2m14s | Val 0m02s) | LR: 0.010000 | Train Loss: 0.6645 Acc: 76.05% | Val Loss: 1.8114 Acc: 44.61% | Best: 62.50%@156
Epoch: 248/500 | Time: 2m18s (Train 2m15s | Val 0m02s) | LR: 0.010000 | Train Loss: 0.6523 Acc: 76.11% | Val Loss: 1.7898 Acc: 44.49% | Best: 62.50%@156
Epoch: 249/500 | Time: 2m17s (Train 2m14s | Val 0m02s) | LR: 0.010000 | Train Loss: 0.6575 Acc: 75.94% | Val Loss: 1.8431 Acc: 50.98% | Best: 62.50%@156
Epoch: 250/500 | Time: 2m18s (Train 2m15s | Val 0m02s) | LR: 0.010000 | Train Loss: 0.6584 Acc: 76.42% | Val Loss: 2.2272 Acc: 34.31% | Best: 62.50%@156
Epoch: 251/500 | Time: 2m18s (Train 2m15s | Val 0m02s) | LR: 0.010000 | Train Loss: 0.6568 Acc: 76.16% | Val Loss: 1.9019 Acc: 43.63% | Best: 62.50%@156
Epoch: 252/500 | Time: 2m17s (Train 2m15s | Val 0m02s) | LR: 0.010000 | Train Loss: 0.6442 Acc: 76.95% | Val Loss: 1.9513 Acc: 39.09% | Best: 62.50%@156
Epoch: 253/500 | Time: 2m17s (Train 2m14s | Val 0m02s) | LR: 0.010000 | Train Loss: 0.6504 Acc: 76.31% | Val Loss: 1.7492 Acc: 53.68% | Best: 62.50%@156
Epoch: 254/500 | Time: 2m16s (Train 2m13s | Val 0m02s) | LR: 0.010000 | Train Loss: 0.6486 Acc: 76.18% | Val Loss: 1.3857 Acc: 55.64% | Best: 62.50%@156
Epoch: 255/500 | Time: 2m15s (Train 2m12s | Val 0m02s) | LR: 0.010000 | Train Loss: 0.6597 Acc: 76.55% | Val Loss: 1.8344 Acc: 45.34% | Best: 62.50%@156
Epoch: 256/500 | Time: 2m15s (Train 2m12s | Val 0m02s) | LR: 0.010000 | Train Loss: 0.6537 Acc: 76.56% | Val Loss: 1.9896 Acc: 37.75% | Best: 62.50%@156
Epoch: 257/500 | Time: 2m15s (Train 2m12s | Val 0m02s) | LR: 0.010000 | Train Loss: 0.6580 Acc: 76.92% | Val Loss: 2.0262 Acc: 39.09% | Best: 62.50%@156
Epoch: 258/500 | Time: 2m16s (Train 2m13s | Val 0m02s) | LR: 0.010000 | Train Loss: 0.6585 Acc: 76.35% | Val Loss: 1.7331 Acc: 46.81% | Best: 62.50%@156
Epoch: 259/500 | Time: 2m15s (Train 2m12s | Val 0m02s) | LR: 0.010000 | Train Loss: 0.6443 Acc: 76.85% | Val Loss: 1.9375 Acc: 37.13% | Best: 62.50%@156
Epoch: 260/500 | Time: 2m16s (Train 2m13s | Val 0m02s) | LR: 0.010000 | Train Loss: 0.6483 Acc: 76.58% | Val Loss: 1.6741 Acc: 49.14% | Best: 62.50%@156
Epoch: 261/500 | Time: 2m15s (Train 2m12s | Val 0m02s) | LR: 0.010000 | Train Loss: 0.6499 Acc: 76.34% | Val Loss: 1.3034 Acc: 61.27% | Best: 62.50%@156
Epoch: 262/500 | Time: 2m16s (Train 2m13s | Val 0m02s) | LR: 0.010000 | Train Loss: 0.6523 Acc: 76.08% | Val Loss: 1.6966 Acc: 45.71% | Best: 62.50%@156
Epoch: 263/500 | Time: 2m15s (Train 2m12s | Val 0m02s) | LR: 0.010000 | Train Loss: 0.6393 Acc: 77.53% | Val Loss: 1.5021 Acc: 55.39% | Best: 62.50%@156
Epoch: 264/500 | Time: 2m15s (Train 2m13s | Val 0m02s) | LR: 0.010000 | Train Loss: 0.6428 Acc: 77.19% | Val Loss: 1.7331 Acc: 39.95% | Best: 62.50%@156
Epoch: 265/500 | Time: 2m15s (Train 2m12s | Val 0m02s) | LR: 0.010000 | Train Loss: 0.6483 Acc: 76.24% | Val Loss: 1.8414 Acc: 45.10% | Best: 62.50%@156
Epoch: 266/500 | Time: 2m15s (Train 2m13s | Val 0m02s) | LR: 0.010000 | Train Loss: 0.6567 Acc: 76.86% | Val Loss: 1.6709 Acc: 49.51% | Best: 62.50%@156
Epoch: 267/500 | Time: 2m16s (Train 2m13s | Val 0m02s) | LR: 0.010000 | Train Loss: 0.6552 Acc: 76.78% | Val Loss: 1.4547 Acc: 57.23% | Best: 62.50%@156
Epoch: 268/500 | Time: 2m16s (Train 2m13s | Val 0m02s) | LR: 0.010000 | Train Loss: 0.6387 Acc: 77.29% | Val Loss: 1.4527 Acc: 54.17% | Best: 62.50%@156
Epoch: 269/500 | Time: 2m16s (Train 2m13s | Val 0m02s) | LR: 0.010000 | Train Loss: 0.6428 Acc: 77.10% | Val Loss: 2.2333 Acc: 35.91% | Best: 62.50%@156
Epoch: 270/500 | Time: 2m16s (Train 2m13s | Val 0m02s) | LR: 0.010000 | Train Loss: 0.6541 Acc: 76.52% | Val Loss: 1.5867 Acc: 53.68% | Best: 62.50%@156
Epoch: 271/500 | Time: 2m16s (Train 2m13s | Val 0m02s) | LR: 0.010000 | Train Loss: 0.6394 Acc: 77.88% | Val Loss: 1.7276 Acc: 50.25% | Best: 62.50%@156
Epoch: 272/500 | Time: 2m16s (Train 2m13s | Val 0m02s) | LR: 0.010000 | Train Loss: 0.6288 Acc: 78.08% | Val Loss: 2.1275 Acc: 35.91% | Best: 62.50%@156
Epoch: 273/500 | Time: 2m16s (Train 2m13s | Val 0m02s) | LR: 0.010000 | Train Loss: 0.6510 Acc: 76.56% | Val Loss: 1.9885 Acc: 40.81% | Best: 62.50%@156
Epoch: 274/500 | Time: 2m16s (Train 2m13s | Val 0m02s) | LR: 0.010000 | Train Loss: 0.6449 Acc: 76.97% | Val Loss: 1.9171 Acc: 48.53% | Best: 62.50%@156
Epoch: 275/500 | Time: 2m15s (Train 2m13s | Val 0m02s) | LR: 0.010000 | Train Loss: 0.6435 Acc: 76.88% | Val Loss: 2.0018 Acc: 37.50% | Best: 62.50%@156
Epoch: 276/500 | Time: 2m16s (Train 2m14s | Val 0m02s) | LR: 0.010000 | Train Loss: 0.6607 Acc: 75.48% | Val Loss: 1.8064 Acc: 44.00% | Best: 62.50%@156
Epoch: 277/500 | Time: 2m16s (Train 2m13s | Val 0m02s) | LR: 0.010000 | Train Loss: 0.6519 Acc: 76.69% | Val Loss: 2.2752 Acc: 35.78% | Best: 62.50%@156
Epoch: 278/500 | Time: 2m16s (Train 2m13s | Val 0m02s) | LR: 0.010000 | Train Loss: 0.6370 Acc: 77.51% | Val Loss: 1.6771 Acc: 45.83% | Best: 62.50%@156
Epoch: 279/500 | Time: 2m15s (Train 2m13s | Val 0m02s) | LR: 0.010000 | Train Loss: 0.6457 Acc: 76.82% | Val Loss: 2.0587 Acc: 37.38% | Best: 62.50%@156
Epoch: 280/500 | Time: 2m15s (Train 2m13s | Val 0m02s) | LR: 0.010000 | Train Loss: 0.6397 Acc: 77.09% | Val Loss: 1.8080 Acc: 39.83% | Best: 62.50%@156
Epoch: 281/500 | Time: 2m15s (Train 2m12s | Val 0m02s) | LR: 0.010000 | Train Loss: 0.6242 Acc: 77.76% | Val Loss: 1.9965 Acc: 37.13% | Best: 62.50%@156
Epoch: 282/500 | Time: 2m15s (Train 2m13s | Val 0m02s) | LR: 0.010000 | Train Loss: 0.6388 Acc: 77.09% | Val Loss: 1.8049 Acc: 50.86% | Best: 62.50%@156
Epoch: 283/500 | Time: 2m15s (Train 2m12s | Val 0m02s) | LR: 0.010000 | Train Loss: 0.6416 Acc: 77.46% | Val Loss: 1.8596 Acc: 41.67% | Best: 62.50%@156
Epoch: 284/500 | Time: 2m15s (Train 2m12s | Val 0m02s) | LR: 0.010000 | Train Loss: 0.6242 Acc: 78.42% | Val Loss: 1.7351 Acc: 49.51% | Best: 62.50%@156
Epoch: 285/500 | Time: 2m15s (Train 2m13s | Val 0m02s) | LR: 0.010000 | Train Loss: 0.6316 Acc: 77.84% | Val Loss: 2.1191 Acc: 38.11% | Best: 62.50%@156
Epoch: 286/500 | Time: 2m15s (Train 2m13s | Val 0m02s) | LR: 0.010000 | Train Loss: 0.6472 Acc: 76.78% | Val Loss: 1.8430 Acc: 38.73% | Best: 62.50%@156
Epoch: 287/500 | Time: 2m15s (Train 2m13s | Val 0m02s) | LR: 0.010000 | Train Loss: 0.6425 Acc: 77.09% | Val Loss: 1.8995 Acc: 40.93% | Best: 62.50%@156
Epoch: 288/500 | Time: 2m15s (Train 2m13s | Val 0m02s) | LR: 0.010000 | Train Loss: 0.6366 Acc: 77.41% | Val Loss: 1.5669 Acc: 49.14% | Best: 62.50%@156
Epoch: 289/500 | Time: 2m16s (Train 2m13s | Val 0m02s) | LR: 0.010000 | Train Loss: 0.6402 Acc: 77.07% | Val Loss: 1.7101 Acc: 46.81% | Best: 62.50%@156
Epoch: 290/500 | Time: 2m15s (Train 2m13s | Val 0m02s) | LR: 0.010000 | Train Loss: 0.6401 Acc: 77.32% | Val Loss: 1.9252 Acc: 38.97% | Best: 62.50%@156
Epoch: 291/500 | Time: 2m16s (Train 2m13s | Val 0m02s) | LR: 0.010000 | Train Loss: 0.6425 Acc: 76.43% | Val Loss: 1.6152 Acc: 46.32% | Best: 62.50%@156
Epoch: 292/500 | Time: 2m16s (Train 2m13s | Val 0m02s) | LR: 0.010000 | Train Loss: 0.6328 Acc: 77.22% | Val Loss: 2.0131 Acc: 36.52% | Best: 62.50%@156
Epoch: 293/500 | Time: 2m15s (Train 2m13s | Val 0m02s) | LR: 0.010000 | Train Loss: 0.6383 Acc: 77.40% | Val Loss: 1.7390 Acc: 45.83% | Best: 62.50%@156
Epoch: 294/500 | Time: 2m16s (Train 2m13s | Val 0m02s) | LR: 0.010000 | Train Loss: 0.6508 Acc: 76.72% | Val Loss: 1.8490 Acc: 42.65% | Best: 62.50%@156
Epoch: 295/500 | Time: 2m15s (Train 2m13s | Val 0m02s) | LR: 0.010000 | Train Loss: 0.6509 Acc: 76.58% | Val Loss: 2.2355 Acc: 31.86% | Best: 62.50%@156
Epoch: 296/500 | Time: 2m15s (Train 2m12s | Val 0m02s) | LR: 0.010000 | Train Loss: 0.6277 Acc: 78.34% | Val Loss: 1.8225 Acc: 46.32% | Best: 62.50%@156
Epoch: 297/500 | Time: 2m16s (Train 2m13s | Val 0m02s) | LR: 0.010000 | Train Loss: 0.6340 Acc: 77.47% | Val Loss: 2.0543 Acc: 34.19% | Best: 62.50%@156
Epoch: 298/500 | Time: 2m15s (Train 2m12s | Val 0m02s) | LR: 0.010000 | Train Loss: 0.6345 Acc: 77.94% | Val Loss: 1.9956 Acc: 37.01% | Best: 62.50%@156
Epoch: 299/500 | Time: 2m15s (Train 2m13s | Val 0m02s) | LR: 0.010000 | Train Loss: 0.6397 Acc: 77.73% | Val Loss: 1.9903 Acc: 36.64% | Best: 62.50%@156
Epoch: 300/500 | Time: 2m15s (Train 2m12s | Val 0m02s) | LR: 0.010000 | Train Loss: 0.6404 Acc: 77.40% | Val Loss: 1.5802 Acc: 48.04% | Best: 62.50%@156
  ✓ Saved best model (val_acc: 70.59%)
Epoch: 301/500 | Time: 2m15s (Train 2m12s | Val 0m02s) | LR: 0.001000 | Train Loss: 0.6021 Acc: 78.91% | Val Loss: 0.9707 Acc: 70.59% | Best: 70.59%@301
Epoch: 302/500 | Time: 2m15s (Train 2m12s | Val 0m02s) | LR: 0.001000 | Train Loss: 0.5767 Acc: 80.24% | Val Loss: 1.1490 Acc: 66.30% | Best: 70.59%@301
Epoch: 303/500 | Time: 2m15s (Train 2m12s | Val 0m02s) | LR: 0.001000 | Train Loss: 0.5795 Acc: 79.33% | Val Loss: 1.0440 Acc: 69.00% | Best: 70.59%@301
Epoch: 304/500 | Time: 2m15s (Train 2m13s | Val 0m02s) | LR: 0.001000 | Train Loss: 0.5716 Acc: 80.03% | Val Loss: 1.2211 Acc: 64.22% | Best: 70.59%@301
Epoch: 305/500 | Time: 2m15s (Train 2m12s | Val 0m02s) | LR: 0.001000 | Train Loss: 0.5689 Acc: 80.23% | Val Loss: 1.1927 Acc: 63.85% | Best: 70.59%@301
Epoch: 306/500 | Time: 2m15s (Train 2m12s | Val 0m02s) | LR: 0.001000 | Train Loss: 0.5581 Acc: 80.60% | Val Loss: 1.0276 Acc: 68.63% | Best: 70.59%@301
Epoch: 307/500 | Time: 2m15s (Train 2m13s | Val 0m02s) | LR: 0.001000 | Train Loss: 0.5565 Acc: 80.43% | Val Loss: 0.9978 Acc: 69.00% | Best: 70.59%@301
Epoch: 308/500 | Time: 2m15s (Train 2m12s | Val 0m02s) | LR: 0.001000 | Train Loss: 0.5564 Acc: 80.91% | Val Loss: 1.0629 Acc: 67.89% | Best: 70.59%@301
Epoch: 309/500 | Time: 2m15s (Train 2m12s | Val 0m02s) | LR: 0.001000 | Train Loss: 0.5476 Acc: 80.57% | Val Loss: 1.0938 Acc: 69.00% | Best: 70.59%@301
Epoch: 310/500 | Time: 2m15s (Train 2m12s | Val 0m02s) | LR: 0.001000 | Train Loss: 0.5567 Acc: 81.01% | Val Loss: 1.0458 Acc: 67.89% | Best: 70.59%@301
Epoch: 311/500 | Time: 2m15s (Train 2m12s | Val 0m02s) | LR: 0.001000 | Train Loss: 0.5576 Acc: 81.39% | Val Loss: 1.2003 Acc: 63.11% | Best: 70.59%@301
Epoch: 312/500 | Time: 2m15s (Train 2m13s | Val 0m02s) | LR: 0.001000 | Train Loss: 0.5535 Acc: 80.43% | Val Loss: 1.1747 Acc: 63.36% | Best: 70.59%@301
Epoch: 313/500 | Time: 2m16s (Train 2m13s | Val 0m02s) | LR: 0.001000 | Train Loss: 0.5555 Acc: 80.27% | Val Loss: 1.1734 Acc: 64.71% | Best: 70.59%@301
Epoch: 314/500 | Time: 2m15s (Train 2m12s | Val 0m02s) | LR: 0.001000 | Train Loss: 0.5574 Acc: 80.41% | Val Loss: 1.4075 Acc: 56.25% | Best: 70.59%@301
Epoch: 315/500 | Time: 2m15s (Train 2m13s | Val 0m02s) | LR: 0.001000 | Train Loss: 0.5553 Acc: 80.26% | Val Loss: 1.3126 Acc: 60.66% | Best: 70.59%@301
Epoch: 316/500 | Time: 2m15s (Train 2m13s | Val 0m02s) | LR: 0.001000 | Train Loss: 0.5576 Acc: 80.72% | Val Loss: 1.3092 Acc: 60.05% | Best: 70.59%@301
Epoch: 317/500 | Time: 2m16s (Train 2m13s | Val 0m02s) | LR: 0.001000 | Train Loss: 0.5583 Acc: 81.14% | Val Loss: 1.2295 Acc: 60.66% | Best: 70.59%@301
Epoch: 318/500 | Time: 2m15s (Train 2m13s | Val 0m02s) | LR: 0.001000 | Train Loss: 0.5551 Acc: 80.70% | Val Loss: 1.1242 Acc: 66.30% | Best: 70.59%@301
Epoch: 319/500 | Time: 2m16s (Train 2m13s | Val 0m02s) | LR: 0.001000 | Train Loss: 0.5392 Acc: 81.21% | Val Loss: 1.1593 Acc: 65.44% | Best: 70.59%@301
Epoch: 320/500 | Time: 2m16s (Train 2m13s | Val 0m02s) | LR: 0.001000 | Train Loss: 0.5440 Acc: 81.11% | Val Loss: 1.0283 Acc: 70.10% | Best: 70.59%@301
Epoch: 321/500 | Time: 2m16s (Train 2m13s | Val 0m02s) | LR: 0.001000 | Train Loss: 0.5388 Acc: 80.58% | Val Loss: 1.0377 Acc: 69.85% | Best: 70.59%@301
Epoch: 322/500 | Time: 2m16s (Train 2m13s | Val 0m02s) | LR: 0.001000 | Train Loss: 0.5387 Acc: 81.79% | Val Loss: 1.0516 Acc: 67.77% | Best: 70.59%@301
Epoch: 323/500 | Time: 2m16s (Train 2m13s | Val 0m02s) | LR: 0.001000 | Train Loss: 0.5458 Acc: 80.53% | Val Loss: 1.1177 Acc: 67.77% | Best: 70.59%@301
Epoch: 324/500 | Time: 2m16s (Train 2m13s | Val 0m02s) | LR: 0.001000 | Train Loss: 0.5448 Acc: 81.28% | Val Loss: 1.1861 Acc: 65.93% | Best: 70.59%@301
Epoch: 325/500 | Time: 2m16s (Train 2m13s | Val 0m02s) | LR: 0.001000 | Train Loss: 0.5379 Acc: 80.78% | Val Loss: 1.3111 Acc: 55.76% | Best: 70.59%@301
Epoch: 326/500 | Time: 2m15s (Train 2m13s | Val 0m02s) | LR: 0.001000 | Train Loss: 0.5420 Acc: 81.26% | Val Loss: 1.2947 Acc: 61.03% | Best: 70.59%@301
Epoch: 327/500 | Time: 2m16s (Train 2m13s | Val 0m02s) | LR: 0.001000 | Train Loss: 0.5355 Acc: 80.60% | Val Loss: 1.2567 Acc: 61.76% | Best: 70.59%@301
Epoch: 328/500 | Time: 2m16s (Train 2m13s | Val 0m02s) | LR: 0.001000 | Train Loss: 0.5267 Acc: 82.32% | Val Loss: 1.2119 Acc: 62.75% | Best: 70.59%@301
  ✓ Saved best model (val_acc: 73.53%)
Epoch: 329/500 | Time: 2m16s (Train 2m13s | Val 0m02s) | LR: 0.001000 | Train Loss: 0.5289 Acc: 82.40% | Val Loss: 0.9444 Acc: 73.53% | Best: 73.53%@329
Epoch: 330/500 | Time: 2m15s (Train 2m13s | Val 0m02s) | LR: 0.001000 | Train Loss: 0.5300 Acc: 81.41% | Val Loss: 1.1950 Acc: 66.54% | Best: 73.53%@329
Epoch: 331/500 | Time: 2m16s (Train 2m13s | Val 0m02s) | LR: 0.001000 | Train Loss: 0.5292 Acc: 81.14% | Val Loss: 1.2434 Acc: 55.27% | Best: 73.53%@329
Epoch: 332/500 | Time: 2m15s (Train 2m13s | Val 0m02s) | LR: 0.001000 | Train Loss: 0.5260 Acc: 81.93% | Val Loss: 1.1008 Acc: 66.18% | Best: 73.53%@329
Epoch: 333/500 | Time: 2m16s (Train 2m13s | Val 0m02s) | LR: 0.001000 | Train Loss: 0.5404 Acc: 81.80% | Val Loss: 1.1595 Acc: 65.32% | Best: 73.53%@329
Epoch: 334/500 | Time: 2m15s (Train 2m13s | Val 0m02s) | LR: 0.001000 | Train Loss: 0.5324 Acc: 81.89% | Val Loss: 1.0458 Acc: 69.98% | Best: 73.53%@329
Epoch: 335/500 | Time: 2m16s (Train 2m13s | Val 0m02s) | LR: 0.001000 | Train Loss: 0.5237 Acc: 81.56% | Val Loss: 1.3354 Acc: 59.93% | Best: 73.53%@329
Epoch: 336/500 | Time: 2m16s (Train 2m13s | Val 0m02s) | LR: 0.001000 | Train Loss: 0.5331 Acc: 81.25% | Val Loss: 1.5283 Acc: 54.41% | Best: 73.53%@329
Epoch: 337/500 | Time: 2m16s (Train 2m13s | Val 0m02s) | LR: 0.001000 | Train Loss: 0.5275 Acc: 81.86% | Val Loss: 1.1255 Acc: 67.03% | Best: 73.53%@329
Epoch: 338/500 | Time: 2m15s (Train 2m13s | Val 0m02s) | LR: 0.001000 | Train Loss: 0.5264 Acc: 81.83% | Val Loss: 1.1377 Acc: 64.09% | Best: 73.53%@329
Epoch: 339/500 | Time: 2m16s (Train 2m14s | Val 0m02s) | LR: 0.001000 | Train Loss: 0.5300 Acc: 82.33% | Val Loss: 1.2064 Acc: 62.87% | Best: 73.53%@329
Epoch: 340/500 | Time: 2m16s (Train 2m13s | Val 0m02s) | LR: 0.001000 | Train Loss: 0.5357 Acc: 81.56% | Val Loss: 1.2847 Acc: 62.01% | Best: 73.53%@329
Epoch: 341/500 | Time: 2m15s (Train 2m13s | Val 0m02s) | LR: 0.001000 | Train Loss: 0.5315 Acc: 81.12% | Val Loss: 1.1389 Acc: 66.54% | Best: 73.53%@329
Epoch: 342/500 | Time: 2m15s (Train 2m13s | Val 0m02s) | LR: 0.001000 | Train Loss: 0.5322 Acc: 81.63% | Val Loss: 1.1453 Acc: 63.11% | Best: 73.53%@329
Epoch: 343/500 | Time: 2m15s (Train 2m13s | Val 0m02s) | LR: 0.001000 | Train Loss: 0.5312 Acc: 81.78% | Val Loss: 1.2380 Acc: 63.60% | Best: 73.53%@329
Epoch: 344/500 | Time: 2m16s (Train 2m13s | Val 0m02s) | LR: 0.001000 | Train Loss: 0.5355 Acc: 81.38% | Val Loss: 1.4162 Acc: 55.27% | Best: 73.53%@329
Epoch: 345/500 | Time: 2m16s (Train 2m13s | Val 0m02s) | LR: 0.001000 | Train Loss: 0.5108 Acc: 82.22% | Val Loss: 1.2168 Acc: 62.38% | Best: 73.53%@329
Epoch: 346/500 | Time: 2m16s (Train 2m13s | Val 0m02s) | LR: 0.001000 | Train Loss: 0.5309 Acc: 81.26% | Val Loss: 1.2402 Acc: 63.85% | Best: 73.53%@329
Epoch: 347/500 | Time: 2m16s (Train 2m13s | Val 0m02s) | LR: 0.001000 | Train Loss: 0.5260 Acc: 81.51% | Val Loss: 1.2871 Acc: 59.19% | Best: 73.53%@329
Epoch: 348/500 | Time: 2m16s (Train 2m13s | Val 0m02s) | LR: 0.001000 | Train Loss: 0.5259 Acc: 81.88% | Val Loss: 1.3965 Acc: 59.19% | Best: 73.53%@329
Epoch: 349/500 | Time: 2m15s (Train 2m13s | Val 0m02s) | LR: 0.001000 | Train Loss: 0.5315 Acc: 81.07% | Val Loss: 1.2281 Acc: 65.56% | Best: 73.53%@329
Epoch: 350/500 | Time: 2m16s (Train 2m13s | Val 0m02s) | LR: 0.001000 | Train Loss: 0.5306 Acc: 81.86% | Val Loss: 1.2474 Acc: 63.73% | Best: 73.53%@329
Epoch: 351/500 | Time: 2m16s (Train 2m13s | Val 0m02s) | LR: 0.001000 | Train Loss: 0.5213 Acc: 81.34% | Val Loss: 1.2238 Acc: 67.77% | Best: 73.53%@329
Epoch: 352/500 | Time: 2m15s (Train 2m13s | Val 0m02s) | LR: 0.001000 | Train Loss: 0.5334 Acc: 81.72% | Val Loss: 1.0625 Acc: 69.12% | Best: 73.53%@329
Epoch: 353/500 | Time: 2m16s (Train 2m13s | Val 0m02s) | LR: 0.001000 | Train Loss: 0.5302 Acc: 81.35% | Val Loss: 1.2615 Acc: 65.93% | Best: 73.53%@329
Epoch: 354/500 | Time: 2m15s (Train 2m12s | Val 0m02s) | LR: 0.001000 | Train Loss: 0.5169 Acc: 82.29% | Val Loss: 1.2749 Acc: 59.80% | Best: 73.53%@329
Epoch: 355/500 | Time: 2m15s (Train 2m13s | Val 0m02s) | LR: 0.001000 | Train Loss: 0.5286 Acc: 81.15% | Val Loss: 1.2340 Acc: 63.11% | Best: 73.53%@329
Epoch: 356/500 | Time: 2m16s (Train 2m14s | Val 0m02s) | LR: 0.001000 | Train Loss: 0.5207 Acc: 81.80% | Val Loss: 1.4619 Acc: 57.11% | Best: 73.53%@329
Epoch: 357/500 | Time: 2m16s (Train 2m14s | Val 0m02s) | LR: 0.001000 | Train Loss: 0.5196 Acc: 81.65% | Val Loss: 1.3424 Acc: 61.52% | Best: 73.53%@329
Epoch: 358/500 | Time: 2m15s (Train 2m13s | Val 0m02s) | LR: 0.001000 | Train Loss: 0.5245 Acc: 82.49% | Val Loss: 1.3541 Acc: 60.05% | Best: 73.53%@329
Epoch: 359/500 | Time: 2m16s (Train 2m13s | Val 0m02s) | LR: 0.001000 | Train Loss: 0.5175 Acc: 81.72% | Val Loss: 1.0092 Acc: 67.77% | Best: 73.53%@329
Epoch: 360/500 | Time: 2m16s (Train 2m14s | Val 0m02s) | LR: 0.001000 | Train Loss: 0.5198 Acc: 81.99% | Val Loss: 1.5619 Acc: 49.51% | Best: 73.53%@329
Epoch: 361/500 | Time: 2m16s (Train 2m13s | Val 0m02s) | LR: 0.001000 | Train Loss: 0.5264 Acc: 82.09% | Val Loss: 0.9923 Acc: 70.22% | Best: 73.53%@329
Epoch: 362/500 | Time: 2m16s (Train 2m13s | Val 0m02s) | LR: 0.001000 | Train Loss: 0.5093 Acc: 82.74% | Val Loss: 1.2602 Acc: 61.40% | Best: 73.53%@329
Epoch: 363/500 | Time: 2m16s (Train 2m13s | Val 0m02s) | LR: 0.001000 | Train Loss: 0.5188 Acc: 82.34% | Val Loss: 1.1228 Acc: 65.20% | Best: 73.53%@329
Epoch: 364/500 | Time: 2m15s (Train 2m12s | Val 0m02s) | LR: 0.001000 | Train Loss: 0.5175 Acc: 82.61% | Val Loss: 1.6068 Acc: 51.47% | Best: 73.53%@329
Epoch: 365/500 | Time: 2m15s (Train 2m12s | Val 0m02s) | LR: 0.001000 | Train Loss: 0.5200 Acc: 81.49% | Val Loss: 1.4340 Acc: 59.68% | Best: 73.53%@329
Epoch: 366/500 | Time: 2m15s (Train 2m12s | Val 0m02s) | LR: 0.001000 | Train Loss: 0.5163 Acc: 81.56% | Val Loss: 1.0550 Acc: 69.00% | Best: 73.53%@329
Epoch: 367/500 | Time: 2m16s (Train 2m13s | Val 0m02s) | LR: 0.001000 | Train Loss: 0.5247 Acc: 81.97% | Val Loss: 1.3982 Acc: 59.56% | Best: 73.53%@329
Epoch: 368/500 | Time: 2m16s (Train 2m13s | Val 0m02s) | LR: 0.001000 | Train Loss: 0.5189 Acc: 82.61% | Val Loss: 1.1699 Acc: 66.05% | Best: 73.53%@329
Epoch: 369/500 | Time: 2m16s (Train 2m13s | Val 0m02s) | LR: 0.001000 | Train Loss: 0.5163 Acc: 81.99% | Val Loss: 1.2367 Acc: 65.32% | Best: 73.53%@329
Epoch: 370/500 | Time: 2m15s (Train 2m13s | Val 0m02s) | LR: 0.001000 | Train Loss: 0.5276 Acc: 81.83% | Val Loss: 1.5156 Acc: 56.50% | Best: 73.53%@329
Epoch: 371/500 | Time: 2m16s (Train 2m13s | Val 0m02s) | LR: 0.001000 | Train Loss: 0.5171 Acc: 82.27% | Val Loss: 1.0332 Acc: 72.18% | Best: 73.53%@329
Epoch: 372/500 | Time: 2m16s (Train 2m13s | Val 0m02s) | LR: 0.001000 | Train Loss: 0.5300 Acc: 81.69% | Val Loss: 1.3679 Acc: 59.07% | Best: 73.53%@329
Epoch: 373/500 | Time: 2m15s (Train 2m12s | Val 0m02s) | LR: 0.001000 | Train Loss: 0.5115 Acc: 81.66% | Val Loss: 1.3543 Acc: 62.99% | Best: 73.53%@329
Epoch: 374/500 | Time: 2m14s (Train 2m12s | Val 0m02s) | LR: 0.001000 | Train Loss: 0.5188 Acc: 81.36% | Val Loss: 1.2268 Acc: 60.42% | Best: 73.53%@329
Epoch: 375/500 | Time: 2m15s (Train 2m12s | Val 0m02s) | LR: 0.001000 | Train Loss: 0.5260 Acc: 82.16% | Val Loss: 1.3630 Acc: 59.44% | Best: 73.53%@329
Epoch: 376/500 | Time: 2m14s (Train 2m11s | Val 0m02s) | LR: 0.001000 | Train Loss: 0.5175 Acc: 81.92% | Val Loss: 1.1384 Acc: 67.03% | Best: 73.53%@329
Epoch: 377/500 | Time: 2m13s (Train 2m11s | Val 0m02s) | LR: 0.001000 | Train Loss: 0.5215 Acc: 81.96% | Val Loss: 1.2640 Acc: 62.13% | Best: 73.53%@329
Epoch: 378/500 | Time: 2m13s (Train 2m11s | Val 0m02s) | LR: 0.001000 | Train Loss: 0.5131 Acc: 81.31% | Val Loss: 1.2026 Acc: 65.07% | Best: 73.53%@329
Epoch: 379/500 | Time: 2m14s (Train 2m11s | Val 0m02s) | LR: 0.001000 | Train Loss: 0.5127 Acc: 82.03% | Val Loss: 1.1730 Acc: 66.05% | Best: 73.53%@329
Epoch: 380/500 | Time: 2m14s (Train 2m11s | Val 0m02s) | LR: 0.001000 | Train Loss: 0.5197 Acc: 81.45% | Val Loss: 1.1642 Acc: 64.58% | Best: 73.53%@329
Epoch: 381/500 | Time: 2m14s (Train 2m11s | Val 0m02s) | LR: 0.001000 | Train Loss: 0.5157 Acc: 82.36% | Val Loss: 1.3411 Acc: 59.31% | Best: 73.53%@329
Epoch: 382/500 | Time: 2m14s (Train 2m11s | Val 0m02s) | LR: 0.001000 | Train Loss: 0.5124 Acc: 81.97% | Val Loss: 1.4924 Acc: 58.09% | Best: 73.53%@329
Epoch: 383/500 | Time: 2m14s (Train 2m11s | Val 0m02s) | LR: 0.001000 | Train Loss: 0.5150 Acc: 82.49% | Val Loss: 1.0846 Acc: 68.87% | Best: 73.53%@329
Epoch: 384/500 | Time: 2m14s (Train 2m12s | Val 0m02s) | LR: 0.001000 | Train Loss: 0.5155 Acc: 81.73% | Val Loss: 1.2625 Acc: 61.52% | Best: 73.53%@329
Epoch: 385/500 | Time: 2m14s (Train 2m11s | Val 0m02s) | LR: 0.001000 | Train Loss: 0.5181 Acc: 82.46% | Val Loss: 1.1698 Acc: 66.54% | Best: 73.53%@329
Epoch: 386/500 | Time: 2m14s (Train 2m11s | Val 0m02s) | LR: 0.001000 | Train Loss: 0.5119 Acc: 82.03% | Val Loss: 1.1638 Acc: 63.48% | Best: 73.53%@329
Epoch: 387/500 | Time: 2m13s (Train 2m11s | Val 0m02s) | LR: 0.001000 | Train Loss: 0.5101 Acc: 82.39% | Val Loss: 1.2617 Acc: 63.24% | Best: 73.53%@329
Epoch: 388/500 | Time: 2m11s (Train 2m09s | Val 0m02s) | LR: 0.001000 | Train Loss: 0.5108 Acc: 82.94% | Val Loss: 1.2190 Acc: 63.24% | Best: 73.53%@329
Epoch: 389/500 | Time: 2m11s (Train 2m09s | Val 0m02s) | LR: 0.001000 | Train Loss: 0.5154 Acc: 82.27% | Val Loss: 1.2649 Acc: 56.62% | Best: 73.53%@329
Epoch: 390/500 | Time: 2m11s (Train 2m09s | Val 0m02s) | LR: 0.001000 | Train Loss: 0.5079 Acc: 82.46% | Val Loss: 1.1793 Acc: 68.26% | Best: 73.53%@329
Epoch: 391/500 | Time: 2m11s (Train 2m09s | Val 0m02s) | LR: 0.001000 | Train Loss: 0.5162 Acc: 82.29% | Val Loss: 1.1438 Acc: 67.65% | Best: 73.53%@329
Epoch: 392/500 | Time: 2m10s (Train 2m07s | Val 0m02s) | LR: 0.001000 | Train Loss: 0.5137 Acc: 82.40% | Val Loss: 1.3934 Acc: 59.93% | Best: 73.53%@329
Epoch: 393/500 | Time: 2m09s (Train 2m06s | Val 0m02s) | LR: 0.001000 | Train Loss: 0.5138 Acc: 82.03% | Val Loss: 1.3103 Acc: 61.76% | Best: 73.53%@329
Epoch: 394/500 | Time: 2m09s (Train 2m06s | Val 0m02s) | LR: 0.001000 | Train Loss: 0.5240 Acc: 81.80% | Val Loss: 1.2396 Acc: 63.24% | Best: 73.53%@329
Epoch: 395/500 | Time: 2m09s (Train 2m06s | Val 0m02s) | LR: 0.001000 | Train Loss: 0.5213 Acc: 82.61% | Val Loss: 1.2881 Acc: 62.25% | Best: 73.53%@329
Epoch: 396/500 | Time: 2m09s (Train 2m06s | Val 0m02s) | LR: 0.001000 | Train Loss: 0.5099 Acc: 82.50% | Val Loss: 1.1633 Acc: 65.81% | Best: 73.53%@329
Epoch: 397/500 | Time: 2m09s (Train 2m06s | Val 0m02s) | LR: 0.001000 | Train Loss: 0.5042 Acc: 82.67% | Val Loss: 1.1185 Acc: 63.48% | Best: 73.53%@329
Epoch: 398/500 | Time: 2m09s (Train 2m07s | Val 0m02s) | LR: 0.001000 | Train Loss: 0.5123 Acc: 82.00% | Val Loss: 1.4179 Acc: 55.88% | Best: 73.53%@329
Epoch: 399/500 | Time: 2m10s (Train 2m07s | Val 0m02s) | LR: 0.001000 | Train Loss: 0.5129 Acc: 81.97% | Val Loss: 1.3202 Acc: 61.76% | Best: 73.53%@329
Epoch: 400/500 | Time: 2m09s (Train 2m07s | Val 0m02s) | LR: 0.001000 | Train Loss: 0.5118 Acc: 82.39% | Val Loss: 1.2884 Acc: 65.56% | Best: 73.53%@329
Epoch: 401/500 | Time: 2m10s (Train 2m07s | Val 0m02s) | LR: 0.001000 | Train Loss: 0.5184 Acc: 82.02% | Val Loss: 1.3009 Acc: 61.15% | Best: 73.53%@329
Epoch: 402/500 | Time: 2m10s (Train 2m07s | Val 0m02s) | LR: 0.001000 | Train Loss: 0.5131 Acc: 81.88% | Val Loss: 1.5342 Acc: 58.33% | Best: 73.53%@329
Epoch: 403/500 | Time: 2m09s (Train 2m07s | Val 0m02s) | LR: 0.001000 | Train Loss: 0.5116 Acc: 81.95% | Val Loss: 1.2967 Acc: 59.68% | Best: 73.53%@329
Epoch: 404/500 | Time: 2m09s (Train 2m07s | Val 0m02s) | LR: 0.001000 | Train Loss: 0.5121 Acc: 82.32% | Val Loss: 1.1812 Acc: 64.95% | Best: 73.53%@329
Epoch: 405/500 | Time: 2m10s (Train 2m08s | Val 0m02s) | LR: 0.001000 | Train Loss: 0.5100 Acc: 82.34% | Val Loss: 1.4824 Acc: 53.80% | Best: 73.53%@329
Epoch: 406/500 | Time: 2m11s (Train 2m08s | Val 0m02s) | LR: 0.001000 | Train Loss: 0.5059 Acc: 82.17% | Val Loss: 1.5396 Acc: 58.82% | Best: 73.53%@329
Epoch: 407/500 | Time: 2m11s (Train 2m08s | Val 0m02s) | LR: 0.001000 | Train Loss: 0.5105 Acc: 82.67% | Val Loss: 1.1473 Acc: 64.46% | Best: 73.53%@329
Epoch: 408/500 | Time: 2m09s (Train 2m06s | Val 0m02s) | LR: 0.001000 | Train Loss: 0.5166 Acc: 82.13% | Val Loss: 1.2167 Acc: 62.01% | Best: 73.53%@329
Epoch: 409/500 | Time: 2m09s (Train 2m06s | Val 0m02s) | LR: 0.001000 | Train Loss: 0.5016 Acc: 83.04% | Val Loss: 1.3417 Acc: 64.46% | Best: 73.53%@329
Epoch: 410/500 | Time: 2m09s (Train 2m06s | Val 0m02s) | LR: 0.001000 | Train Loss: 0.5042 Acc: 82.07% | Val Loss: 1.3288 Acc: 60.91% | Best: 73.53%@329
Epoch: 411/500 | Time: 2m09s (Train 2m06s | Val 0m02s) | LR: 0.001000 | Train Loss: 0.5152 Acc: 82.06% | Val Loss: 1.0727 Acc: 64.95% | Best: 73.53%@329
Epoch: 412/500 | Time: 2m08s (Train 2m06s | Val 0m02s) | LR: 0.001000 | Train Loss: 0.5046 Acc: 81.73% | Val Loss: 1.3451 Acc: 60.91% | Best: 73.53%@329
Epoch: 413/500 | Time: 2m09s (Train 2m06s | Val 0m02s) | LR: 0.001000 | Train Loss: 0.5067 Acc: 82.70% | Val Loss: 1.2791 Acc: 62.50% | Best: 73.53%@329
Epoch: 414/500 | Time: 2m09s (Train 2m07s | Val 0m02s) | LR: 0.001000 | Train Loss: 0.5054 Acc: 82.40% | Val Loss: 1.6350 Acc: 47.79% | Best: 73.53%@329
Epoch: 415/500 | Time: 2m08s (Train 2m06s | Val 0m02s) | LR: 0.001000 | Train Loss: 0.5092 Acc: 82.80% | Val Loss: 1.3211 Acc: 63.11% | Best: 73.53%@329
Epoch: 416/500 | Time: 2m09s (Train 2m06s | Val 0m02s) | LR: 0.001000 | Train Loss: 0.5060 Acc: 81.96% | Val Loss: 1.3618 Acc: 57.60% | Best: 73.53%@329
Epoch: 417/500 | Time: 2m09s (Train 2m06s | Val 0m02s) | LR: 0.001000 | Train Loss: 0.5085 Acc: 82.23% | Val Loss: 1.3595 Acc: 56.50% | Best: 73.53%@329
Epoch: 418/500 | Time: 2m09s (Train 2m06s | Val 0m02s) | LR: 0.001000 | Train Loss: 0.5043 Acc: 82.39% | Val Loss: 1.5519 Acc: 54.29% | Best: 73.53%@329
Epoch: 419/500 | Time: 2m10s (Train 2m07s | Val 0m02s) | LR: 0.001000 | Train Loss: 0.5029 Acc: 82.47% | Val Loss: 1.3010 Acc: 62.62% | Best: 73.53%@329
Epoch: 420/500 | Time: 2m12s (Train 2m10s | Val 0m02s) | LR: 0.001000 | Train Loss: 0.4975 Acc: 83.10% | Val Loss: 1.2030 Acc: 64.46% | Best: 73.53%@329
Epoch: 421/500 | Time: 2m16s (Train 2m13s | Val 0m02s) | LR: 0.001000 | Train Loss: 0.5117 Acc: 82.74% | Val Loss: 1.2627 Acc: 58.82% | Best: 73.53%@329
Epoch: 422/500 | Time: 2m09s (Train 2m07s | Val 0m02s) | LR: 0.001000 | Train Loss: 0.5151 Acc: 82.07% | Val Loss: 1.3711 Acc: 63.97% | Best: 73.53%@329
Epoch: 423/500 | Time: 2m11s (Train 2m08s | Val 0m02s) | LR: 0.001000 | Train Loss: 0.4982 Acc: 82.53% | Val Loss: 1.2173 Acc: 64.58% | Best: 73.53%@329
Epoch: 424/500 | Time: 2m09s (Train 2m06s | Val 0m02s) | LR: 0.001000 | Train Loss: 0.5024 Acc: 82.95% | Val Loss: 1.0612 Acc: 69.36% | Best: 73.53%@329
Epoch: 425/500 | Time: 2m09s (Train 2m06s | Val 0m02s) | LR: 0.001000 | Train Loss: 0.5026 Acc: 82.56% | Val Loss: 1.2154 Acc: 60.78% | Best: 73.53%@329
Epoch: 426/500 | Time: 2m09s (Train 2m06s | Val 0m02s) | LR: 0.001000 | Train Loss: 0.5130 Acc: 82.51% | Val Loss: 1.3426 Acc: 61.27% | Best: 73.53%@329
Epoch: 427/500 | Time: 2m14s (Train 2m11s | Val 0m02s) | LR: 0.001000 | Train Loss: 0.4963 Acc: 83.28% | Val Loss: 1.0728 Acc: 66.42% | Best: 73.53%@329
Epoch: 428/500 | Time: 2m13s (Train 2m10s | Val 0m02s) | LR: 0.001000 | Train Loss: 0.5008 Acc: 82.91% | Val Loss: 1.4820 Acc: 55.51% | Best: 73.53%@329
Epoch: 429/500 | Time: 2m13s (Train 2m11s | Val 0m02s) | LR: 0.001000 | Train Loss: 0.5064 Acc: 82.47% | Val Loss: 1.3392 Acc: 59.68% | Best: 73.53%@329
Epoch: 430/500 | Time: 2m09s (Train 2m06s | Val 0m02s) | LR: 0.001000 | Train Loss: 0.5086 Acc: 82.12% | Val Loss: 1.3594 Acc: 57.11% | Best: 73.53%@329
Epoch: 431/500 | Time: 2m09s (Train 2m06s | Val 0m02s) | LR: 0.001000 | Train Loss: 0.5104 Acc: 82.34% | Val Loss: 1.4893 Acc: 54.04% | Best: 73.53%@329
Epoch: 432/500 | Time: 2m14s (Train 2m11s | Val 0m02s) | LR: 0.001000 | Train Loss: 0.5128 Acc: 82.20% | Val Loss: 1.2932 Acc: 61.76% | Best: 73.53%@329
Epoch: 433/500 | Time: 2m08s (Train 2m06s | Val 0m02s) | LR: 0.001000 | Train Loss: 0.4960 Acc: 82.32% | Val Loss: 1.4465 Acc: 53.06% | Best: 73.53%@329
Epoch: 434/500 | Time: 2m09s (Train 2m06s | Val 0m02s) | LR: 0.001000 | Train Loss: 0.5058 Acc: 82.41% | Val Loss: 1.1776 Acc: 65.56% | Best: 73.53%@329
Epoch: 435/500 | Time: 2m09s (Train 2m06s | Val 0m02s) | LR: 0.001000 | Train Loss: 0.5088 Acc: 82.49% | Val Loss: 1.2633 Acc: 63.48% | Best: 73.53%@329
Epoch: 436/500 | Time: 2m09s (Train 2m07s | Val 0m02s) | LR: 0.001000 | Train Loss: 0.5121 Acc: 82.61% | Val Loss: 1.2797 Acc: 64.71% | Best: 73.53%@329
Epoch: 437/500 | Time: 2m09s (Train 2m06s | Val 0m02s) | LR: 0.001000 | Train Loss: 0.4978 Acc: 82.74% | Val Loss: 1.1102 Acc: 65.69% | Best: 73.53%@329
Epoch: 438/500 | Time: 2m09s (Train 2m06s | Val 0m02s) | LR: 0.001000 | Train Loss: 0.5030 Acc: 83.30% | Val Loss: 1.1145 Acc: 70.34% | Best: 73.53%@329
Epoch: 439/500 | Time: 2m09s (Train 2m06s | Val 0m02s) | LR: 0.001000 | Train Loss: 0.5013 Acc: 82.90% | Val Loss: 1.3443 Acc: 58.95% | Best: 73.53%@329
Epoch: 440/500 | Time: 2m09s (Train 2m07s | Val 0m02s) | LR: 0.001000 | Train Loss: 0.5007 Acc: 82.80% | Val Loss: 1.5135 Acc: 52.45% | Best: 73.53%@329
Epoch: 441/500 | Time: 2m09s (Train 2m07s | Val 0m02s) | LR: 0.001000 | Train Loss: 0.5058 Acc: 82.93% | Val Loss: 1.3457 Acc: 58.70% | Best: 73.53%@329
Epoch: 442/500 | Time: 2m09s (Train 2m07s | Val 0m02s) | LR: 0.001000 | Train Loss: 0.4964 Acc: 83.00% | Val Loss: 1.3667 Acc: 55.02% | Best: 73.53%@329
Epoch: 443/500 | Time: 2m09s (Train 2m07s | Val 0m02s) | LR: 0.001000 | Train Loss: 0.5006 Acc: 82.86% | Val Loss: 1.1958 Acc: 65.20% | Best: 73.53%@329
Epoch: 444/500 | Time: 2m09s (Train 2m06s | Val 0m02s) | LR: 0.001000 | Train Loss: 0.4998 Acc: 82.98% | Val Loss: 1.4079 Acc: 59.07% | Best: 73.53%@329
Epoch: 445/500 | Time: 2m10s (Train 2m07s | Val 0m02s) | LR: 0.001000 | Train Loss: 0.5005 Acc: 82.20% | Val Loss: 1.2451 Acc: 64.46% | Best: 73.53%@329
Epoch: 446/500 | Time: 2m09s (Train 2m07s | Val 0m02s) | LR: 0.001000 | Train Loss: 0.4961 Acc: 83.04% | Val Loss: 1.3256 Acc: 64.09% | Best: 73.53%@329
Epoch: 447/500 | Time: 2m09s (Train 2m07s | Val 0m02s) | LR: 0.001000 | Train Loss: 0.5021 Acc: 82.97% | Val Loss: 1.2868 Acc: 65.93% | Best: 73.53%@329
Epoch: 448/500 | Time: 2m09s (Train 2m06s | Val 0m02s) | LR: 0.001000 | Train Loss: 0.4891 Acc: 83.74% | Val Loss: 1.3969 Acc: 52.21% | Best: 73.53%@329
Epoch: 449/500 | Time: 2m10s (Train 2m07s | Val 0m02s) | LR: 0.001000 | Train Loss: 0.4916 Acc: 82.97% | Val Loss: 1.3053 Acc: 60.29% | Best: 73.53%@329
Epoch: 450/500 | Time: 2m09s (Train 2m06s | Val 0m02s) | LR: 0.001000 | Train Loss: 0.4980 Acc: 82.97% | Val Loss: 1.3649 Acc: 56.99% | Best: 73.53%@329
Epoch: 451/500 | Time: 2m09s (Train 2m06s | Val 0m02s) | LR: 0.000100 | Train Loss: 0.4939 Acc: 82.63% | Val Loss: 0.9913 Acc: 73.53% | Best: 73.53%@329
Epoch: 452/500 | Time: 2m09s (Train 2m07s | Val 0m02s) | LR: 0.000100 | Train Loss: 0.4891 Acc: 82.70% | Val Loss: 0.9581 Acc: 72.43% | Best: 73.53%@329
Epoch: 453/500 | Time: 2m09s (Train 2m06s | Val 0m02s) | LR: 0.000100 | Train Loss: 0.5029 Acc: 82.24% | Val Loss: 0.9132 Acc: 73.53% | Best: 73.53%@329
  ✓ Saved best model (val_acc: 74.63%)
Epoch: 454/500 | Time: 2m09s (Train 2m07s | Val 0m02s) | LR: 0.000100 | Train Loss: 0.4800 Acc: 84.26% | Val Loss: 0.9001 Acc: 74.63% | Best: 74.63%@454
Epoch: 455/500 | Time: 2m09s (Train 2m06s | Val 0m02s) | LR: 0.000100 | Train Loss: 0.4846 Acc: 83.74% | Val Loss: 0.9194 Acc: 71.57% | Best: 74.63%@454
  ✓ Saved best model (val_acc: 75.25%)
Epoch: 456/500 | Time: 2m09s (Train 2m07s | Val 0m02s) | LR: 0.000100 | Train Loss: 0.4901 Acc: 83.01% | Val Loss: 0.9460 Acc: 75.25% | Best: 75.25%@456
Epoch: 457/500 | Time: 2m10s (Train 2m07s | Val 0m02s) | LR: 0.000100 | Train Loss: 0.4928 Acc: 83.11% | Val Loss: 0.9614 Acc: 72.06% | Best: 75.25%@456
Epoch: 458/500 | Time: 2m09s (Train 2m06s | Val 0m02s) | LR: 0.000100 | Train Loss: 0.4930 Acc: 82.98% | Val Loss: 0.9416 Acc: 75.12% | Best: 75.25%@456
Epoch: 459/500 | Time: 2m09s (Train 2m07s | Val 0m02s) | LR: 0.000100 | Train Loss: 0.4889 Acc: 83.47% | Val Loss: 0.9427 Acc: 73.16% | Best: 75.25%@456
Epoch: 460/500 | Time: 2m09s (Train 2m06s | Val 0m02s) | LR: 0.000100 | Train Loss: 0.4805 Acc: 83.84% | Val Loss: 1.0180 Acc: 69.24% | Best: 75.25%@456
Epoch: 461/500 | Time: 2m09s (Train 2m06s | Val 0m02s) | LR: 0.000100 | Train Loss: 0.4940 Acc: 83.34% | Val Loss: 0.9419 Acc: 72.92% | Best: 75.25%@456
Epoch: 462/500 | Time: 2m09s (Train 2m06s | Val 0m02s) | LR: 0.000100 | Train Loss: 0.4879 Acc: 83.27% | Val Loss: 0.9284 Acc: 73.28% | Best: 75.25%@456
Epoch: 463/500 | Time: 2m09s (Train 2m06s | Val 0m02s) | LR: 0.000100 | Train Loss: 0.4823 Acc: 83.22% | Val Loss: 0.9994 Acc: 70.34% | Best: 75.25%@456
Epoch: 464/500 | Time: 2m09s (Train 2m06s | Val 0m02s) | LR: 0.000100 | Train Loss: 0.4867 Acc: 83.99% | Val Loss: 0.9970 Acc: 73.28% | Best: 75.25%@456
Epoch: 465/500 | Time: 2m09s (Train 2m07s | Val 0m02s) | LR: 0.000100 | Train Loss: 0.4914 Acc: 83.11% | Val Loss: 0.9649 Acc: 75.12% | Best: 75.25%@456
Epoch: 466/500 | Time: 2m09s (Train 2m06s | Val 0m02s) | LR: 0.000100 | Train Loss: 0.4912 Acc: 83.00% | Val Loss: 0.9570 Acc: 73.16% | Best: 75.25%@456
  ✓ Saved best model (val_acc: 75.86%)
Epoch: 467/500 | Time: 2m09s (Train 2m06s | Val 0m02s) | LR: 0.000100 | Train Loss: 0.4844 Acc: 83.03% | Val Loss: 0.9225 Acc: 75.86% | Best: 75.86%@467
Epoch: 468/500 | Time: 2m09s (Train 2m06s | Val 0m02s) | LR: 0.000100 | Train Loss: 0.4762 Acc: 83.74% | Val Loss: 0.8984 Acc: 74.51% | Best: 75.86%@467
Epoch: 469/500 | Time: 2m10s (Train 2m07s | Val 0m02s) | LR: 0.000100 | Train Loss: 0.4819 Acc: 82.57% | Val Loss: 0.9208 Acc: 73.04% | Best: 75.86%@467
Epoch: 470/500 | Time: 2m10s (Train 2m07s | Val 0m02s) | LR: 0.000100 | Train Loss: 0.4871 Acc: 83.57% | Val Loss: 0.9457 Acc: 72.92% | Best: 75.86%@467
Epoch: 471/500 | Time: 2m09s (Train 2m07s | Val 0m02s) | LR: 0.000100 | Train Loss: 0.4870 Acc: 83.28% | Val Loss: 0.9784 Acc: 74.02% | Best: 75.86%@467
Epoch: 472/500 | Time: 2m10s (Train 2m07s | Val 0m02s) | LR: 0.000100 | Train Loss: 0.4812 Acc: 83.08% | Val Loss: 0.8976 Acc: 73.65% | Best: 75.86%@467
Epoch: 473/500 | Time: 2m10s (Train 2m07s | Val 0m02s) | LR: 0.000100 | Train Loss: 0.4872 Acc: 83.03% | Val Loss: 0.9319 Acc: 74.51% | Best: 75.86%@467
Epoch: 474/500 | Time: 2m09s (Train 2m07s | Val 0m02s) | LR: 0.000100 | Train Loss: 0.4840 Acc: 83.03% | Val Loss: 0.9311 Acc: 74.26% | Best: 75.86%@467
Epoch: 475/500 | Time: 2m09s (Train 2m06s | Val 0m02s) | LR: 0.000100 | Train Loss: 0.4779 Acc: 83.39% | Val Loss: 0.9243 Acc: 75.37% | Best: 75.86%@467
Epoch: 476/500 | Time: 2m09s (Train 2m07s | Val 0m02s) | LR: 0.000100 | Train Loss: 0.4858 Acc: 83.30% | Val Loss: 0.9645 Acc: 74.51% | Best: 75.86%@467
Epoch: 477/500 | Time: 2m10s (Train 2m07s | Val 0m02s) | LR: 0.000100 | Train Loss: 0.4849 Acc: 83.07% | Val Loss: 0.9467 Acc: 73.04% | Best: 75.86%@467
Epoch: 478/500 | Time: 2m09s (Train 2m07s | Val 0m02s) | LR: 0.000100 | Train Loss: 0.4826 Acc: 83.30% | Val Loss: 0.8882 Acc: 74.75% | Best: 75.86%@467
Epoch: 479/500 | Time: 2m09s (Train 2m07s | Val 0m02s) | LR: 0.000100 | Train Loss: 0.4879 Acc: 83.55% | Val Loss: 0.9761 Acc: 72.67% | Best: 75.86%@467
Epoch: 480/500 | Time: 2m10s (Train 2m07s | Val 0m02s) | LR: 0.000100 | Train Loss: 0.4873 Acc: 83.69% | Val Loss: 0.9960 Acc: 74.63% | Best: 75.86%@467
Epoch: 481/500 | Time: 2m09s (Train 2m07s | Val 0m02s) | LR: 0.000100 | Train Loss: 0.4863 Acc: 82.71% | Val Loss: 0.9946 Acc: 72.43% | Best: 75.86%@467
Epoch: 482/500 | Time: 2m09s (Train 2m07s | Val 0m02s) | LR: 0.000100 | Train Loss: 0.4787 Acc: 83.00% | Val Loss: 0.9414 Acc: 73.28% | Best: 75.86%@467
Epoch: 483/500 | Time: 2m10s (Train 2m07s | Val 0m02s) | LR: 0.000100 | Train Loss: 0.4807 Acc: 83.24% | Val Loss: 0.9174 Acc: 73.90% | Best: 75.86%@467
Epoch: 484/500 | Time: 2m09s (Train 2m06s | Val 0m02s) | LR: 0.000100 | Train Loss: 0.4866 Acc: 83.17% | Val Loss: 1.0344 Acc: 71.32% | Best: 75.86%@467
Epoch: 485/500 | Time: 2m09s (Train 2m07s | Val 0m02s) | LR: 0.000100 | Train Loss: 0.4899 Acc: 82.71% | Val Loss: 0.8804 Acc: 75.12% | Best: 75.86%@467
Epoch: 486/500 | Time: 2m09s (Train 2m06s | Val 0m02s) | LR: 0.000100 | Train Loss: 0.4832 Acc: 83.79% | Val Loss: 0.9562 Acc: 74.39% | Best: 75.86%@467
Epoch: 487/500 | Time: 2m09s (Train 2m07s | Val 0m02s) | LR: 0.000100 | Train Loss: 0.4828 Acc: 83.47% | Val Loss: 1.0235 Acc: 72.92% | Best: 75.86%@467
Epoch: 488/500 | Time: 2m10s (Train 2m07s | Val 0m02s) | LR: 0.000100 | Train Loss: 0.4794 Acc: 83.69% | Val Loss: 0.9370 Acc: 73.41% | Best: 75.86%@467
Epoch: 489/500 | Time: 2m10s (Train 2m07s | Val 0m02s) | LR: 0.000100 | Train Loss: 0.4887 Acc: 83.54% | Val Loss: 0.9231 Acc: 73.65% | Best: 75.86%@467
Epoch: 490/500 | Time: 2m10s (Train 2m07s | Val 0m02s) | LR: 0.000100 | Train Loss: 0.4901 Acc: 82.86% | Val Loss: 0.9241 Acc: 73.77% | Best: 75.86%@467
Epoch: 491/500 | Time: 2m10s (Train 2m07s | Val 0m02s) | LR: 0.000100 | Train Loss: 0.4859 Acc: 82.98% | Val Loss: 1.0317 Acc: 70.10% | Best: 75.86%@467
Epoch: 492/500 | Time: 2m09s (Train 2m07s | Val 0m02s) | LR: 0.000100 | Train Loss: 0.4793 Acc: 83.52% | Val Loss: 0.9228 Acc: 73.53% | Best: 75.86%@467
Epoch: 493/500 | Time: 2m09s (Train 2m07s | Val 0m02s) | LR: 0.000100 | Train Loss: 0.4894 Acc: 83.08% | Val Loss: 0.9942 Acc: 72.06% | Best: 75.86%@467
Epoch: 494/500 | Time: 2m10s (Train 2m07s | Val 0m02s) | LR: 0.000100 | Train Loss: 0.4885 Acc: 83.47% | Val Loss: 0.9197 Acc: 72.67% | Best: 75.86%@467
Epoch: 495/500 | Time: 2m10s (Train 2m07s | Val 0m02s) | LR: 0.000100 | Train Loss: 0.4786 Acc: 83.11% | Val Loss: 0.9842 Acc: 73.28% | Best: 75.86%@467
Epoch: 496/500 | Time: 2m10s (Train 2m07s | Val 0m02s) | LR: 0.000100 | Train Loss: 0.4732 Acc: 84.29% | Val Loss: 0.9994 Acc: 73.77% | Best: 75.86%@467
Epoch: 497/500 | Time: 2m09s (Train 2m07s | Val 0m02s) | LR: 0.000100 | Train Loss: 0.4888 Acc: 83.03% | Val Loss: 0.9635 Acc: 72.43% | Best: 75.86%@467
Epoch: 498/500 | Time: 2m10s (Train 2m07s | Val 0m02s) | LR: 0.000100 | Train Loss: 0.4811 Acc: 82.67% | Val Loss: 0.9722 Acc: 71.20% | Best: 75.86%@467
Epoch: 499/500 | Time: 2m09s (Train 2m07s | Val 0m02s) | LR: 0.000100 | Train Loss: 0.4896 Acc: 82.57% | Val Loss: 1.0213 Acc: 72.55% | Best: 75.86%@467
Epoch: 500/500 | Time: 2m09s (Train 2m07s | Val 0m02s) | LR: 0.000100 | Train Loss: 0.4749 Acc: 83.59% | Val Loss: 0.9508 Acc: 71.57% | Best: 75.86%@467

======================================================================
Training Complete!
======================================================================
Total training time: 18h28m
Best validation accuracy: 75.86% (epoch 467)
Best model saved to: ./trained_models/acdnet_us8k_best.pt
======================================================================


✓ Training completed successfully!

==========================================
Training completed successfully!
==========================================

==========================================
Starting evaluation on test set...
==========================================

Configuration error: npz_path must be specified. Please run: python scripts/prepare_urbansound8k.py --data_dir <path> --output_dir ./data
srun: error: gpu03: task 0: Exited with exit code 1

ERROR: Evaluation failed
